<?xml version="1.0" encoding="UTF-8"?>
<!-- Generated by org.testng.reporters.JUnitReportReporter -->
<testsuite hostname="DESKTOP-GOITT5R" failures="0" tests="6" name="sila_test_cases.Test_001_Check_handle" time="5.352" errors="0" timestamp="2020-12-09T12:15:00 IST" skipped="0">
  <testcase classname="sila_test_cases.Test_001_Check_handle" name="Test_01_check_with_available_user_handle" time="1.634"/>
  <system-out/>
  <testcase classname="sila_test_cases.Test_001_Check_handle" name="Test_02_check_with_already_taken_user_handle" time="0.434"/>
  <system-out/>
  <testcase classname="sila_test_cases.Test_001_Check_handle" name="Test_03_check_with_empty_user_handle" time="0.417"/>
  <system-out/>
  <testcase classname="sila_test_cases.Test_001_Check_handle" name="Test_04_check_with_invalid_authSignature" time="1.121"/>
  <system-out/>
  <testcase classname="sila_test_cases.Test_001_Check_handle" name="Test_05_check_with_invalid_handle_pattern" time="0.389"/>
  <system-out/>
  <testcase classname="sila_test_cases.Test_001_Check_handle" name="Test_06_check_with_invalid_App_handle" time="1.357"/>
  <system-out/>
</testsuite> <!-- sila_test_cases.Test_001_Check_handle -->
