<?xml version="1.0" encoding="UTF-8"?>
<!-- Generated by org.testng.reporters.JUnitReportReporter -->
<testsuite hostname="ArcGate2168" failures="0" tests="6" name="test_case_.CheckHandle" time="6.965" errors="0" timestamp="2020-10-05T18:06:22 IST" skipped="0">
  <testcase classname="test_case_.CheckHandle" name="Test_01_check_with_available_user_handle" time="2.028"/>
  <system-out/>
  <testcase classname="test_case_.CheckHandle" name="Test_02_check_with_already_taken_user_handle" time="0.467"/>
  <system-out/>
  <testcase classname="test_case_.CheckHandle" name="Test_03_check_with_empty_user_handle" time="0.651"/>
  <system-out/>
  <testcase classname="test_case_.CheckHandle" name="Test_04_check_with_invalid_authSignature" time="1.902"/>
  <system-out/>
  <testcase classname="test_case_.CheckHandle" name="Test_05_check_with_invalid_handle_pattern" time="0.637"/>
  <system-out/>
  <testcase classname="test_case_.CheckHandle" name="Test_06_check_with_invalid_App_handle" time="1.280"/>
  <system-out/>
</testsuite> <!-- test_case_.CheckHandle -->
