<?xml version="1.0" encoding="UTF-8"?>
<!-- Generated by org.testng.reporters.JUnitReportReporter -->
<testsuite hostname="ArcGate2168" failures="0" tests="1" name="Testing.LinkAccount" time="6.128" errors="0" timestamp="2020-10-01T14:13:17 IST" skipped="0">
  <testcase classname="Testing.LinkAccount" name="link_account_verification_pending" time="6.128"/>
  <system-out/>
</testsuite> <!-- Testing.LinkAccount -->
