<?xml version="1.0" encoding="UTF-8"?>
<!-- Generated by org.testng.reporters.JUnitReportReporter -->
<testsuite hostname="DESKTOP-GOITT5R" failures="0" tests="1" name="dummyTestcases.Register" time="12.979" errors="0" timestamp="2020-11-18T19:28:40 IST" skipped="0">
  <testcase classname="dummyTestcases.Register" name="Test_01_Test_01_register_with_all_valid_data" time="12.979"/>
  <system-out/>
</testsuite> <!-- dummyTestcases.Register -->
