<?xml version="1.0" encoding="UTF-8"?>
<!-- Generated by org.testng.reporters.JUnitReportReporter -->
<testsuite hostname="DESKTOP-GOITT5R" failures="0" tests="19" name="sila_test_cases.Link_business_member" time="27.790" errors="0" timestamp="2020-12-29T19:35:20 IST" skipped="0">
  <testcase classname="sila_test_cases.Link_business_member" name="test_01_Link_business_memeber_as_administrator" time="1.581"/>
  <system-out/>
  <testcase classname="sila_test_cases.Link_business_member" name="test_02_Link_business_memeber_When_alredy_linked_as_administrator" time="1.602"/>
  <system-out/>
  <testcase classname="sila_test_cases.Link_business_member" name="test_03_Link_business_memeber_as_ControlOfficer" time="1.599"/>
  <system-out/>
  <testcase classname="sila_test_cases.Link_business_member" name="test_04_Link_business_memeber_When_alredy_linked_as_ControlOfficer" time="1.601"/>
  <system-out/>
  <testcase classname="sila_test_cases.Link_business_member" name="test_05_Link_business_memeber_as_beneficial_owner" time="1.596"/>
  <system-out/>
  <testcase classname="sila_test_cases.Link_business_member" name="test_06_Link_business_memeber_if_already_linked_as_beneficial_owner" time="1.600"/>
  <system-out/>
  <testcase classname="sila_test_cases.Link_business_member" name="test_07_Link_business_memeber_witn_empty_user_handle" time="1.281"/>
  <system-out/>
  <testcase classname="sila_test_cases.Link_business_member" name="test_08_Link_business_memeber_witn_empty_business_handle" time="1.276"/>
  <system-out/>
  <testcase classname="sila_test_cases.Link_business_member" name="test_09_Link_business_memeber_witn_unregistered_user_handle" time="1.072"/>
  <system-out/>
  <testcase classname="sila_test_cases.Link_business_member" name="test_10_Link_business_memeber_with_incorrect_user_crypto_address" time="1.096"/>
  <system-out/>
  <testcase classname="sila_test_cases.Link_business_member" name="test_11_Link_business_memeber_with_unregistered_business_handle" time="1.350"/>
  <system-out/>
  <testcase classname="sila_test_cases.Link_business_member" name="test_12_Link_business_memeber_with_incorrect_business_crypto_address" time="1.610"/>
  <system-out/>
  <testcase classname="sila_test_cases.Link_business_member" name="test_13_Link_business_memeber_with_empty_ownershipStake" time="1.589"/>
  <system-out/>
  <testcase classname="sila_test_cases.Link_business_member" name="test_14_Link_business_memeber_with_ownershipStake_value_as_0" time="1.502"/>
  <system-out/>
  <testcase classname="sila_test_cases.Link_business_member" name="test_15_Link_business_memeber_with_ownershipStake_value_as_1" time="1.376"/>
  <system-out/>
  <testcase classname="sila_test_cases.Link_business_member" name="test_16_Link_business_memeber_with_ownershipStake_value_as_100" time="1.599"/>
  <system-out/>
  <testcase classname="sila_test_cases.Link_business_member" name="test_17_Link_business_memeber_with_ownershipStake_value_as_101" time="1.543"/>
  <system-out/>
  <testcase classname="sila_test_cases.Link_business_member" name="test_18_Link_business_memeber_with_ownershipStake_as_negative" time="1.334"/>
  <system-out/>
  <testcase classname="sila_test_cases.Link_business_member" name="test_19_Link_business_memeber_with_empty_details_field" time="1.583"/>
  <system-out/>
</testsuite> <!-- sila_test_cases.Link_business_member -->
