<?xml version="1.0" encoding="UTF-8"?>
<!-- Generated by org.testng.reporters.JUnitReportReporter -->
<testsuite hostname="DESKTOP-GOITT5R" failures="0" tests="10" name="sila_test_cases.Unlink_business_member" time="16.570" errors="0" timestamp="2020-12-11T18:38:31 IST" skipped="0">
  <testcase classname="sila_test_cases.Unlink_business_member" name="test_01_Unlink_business_memeber_with_empty_user_handle" time="1.650"/>
  <system-out/>
  <testcase classname="sila_test_cases.Unlink_business_member" name="test_02_Unlink_business_memeber_with_empty_business_handle" time="1.111"/>
  <system-out/>
  <testcase classname="sila_test_cases.Unlink_business_member" name="test_03_Unlink_business_memeber_with_invalid_user_private_key" time="1.603"/>
  <system-out/>
  <testcase classname="sila_test_cases.Unlink_business_member" name="test_04_Unlink_business_memeber_with_invalid_business_private_key" time="1.175"/>
  <system-out/>
  <testcase classname="sila_test_cases.Unlink_business_member" name="test_05_Unlink_business_memeber_when_not_linked_as_controlOfficer" time="2.086"/>
  <system-out/>
  <testcase classname="sila_test_cases.Unlink_business_member" name="test_06_Unlink_business_memeber_when_linked_as_controlOfficer" time="2.369"/>
  <system-out/>
  <testcase classname="sila_test_cases.Unlink_business_member" name="test_07_Unlink_business_memeber_when_linked_as_administrator" time="1.284"/>
  <system-out/>
  <testcase classname="sila_test_cases.Unlink_business_member" name="test_08_Unlink_business_memeber_when_not_linked_as_administrator" time="1.267"/>
  <system-out/>
  <testcase classname="sila_test_cases.Unlink_business_member" name="test_09_Unlink_business_memeber_when_linked_as_beneficial_owner" time="2.108"/>
  <system-out/>
  <testcase classname="sila_test_cases.Unlink_business_member" name="test_10_Unlink_business_memeber_when_not_linked_as_beneficial_owner" time="1.917"/>
  <system-out/>
</testsuite> <!-- sila_test_cases.Unlink_business_member -->
