<?xml version="1.0" encoding="UTF-8"?>
<!-- Generated by org.testng.reporters.JUnitReportReporter -->
<testsuite hostname="DESKTOP-GOITT5R" failures="0" tests="1" name="dummyTestcases.Register_wallet" time="6.030" errors="0" timestamp="2020-11-27T11:39:30 IST" skipped="0">
  <testcase classname="dummyTestcases.Register_wallet" name="Regiter_wallet_with_all_valid_data" time="6.030"/>
  <system-out/>
</testsuite> <!-- dummyTestcases.Register_wallet -->
