<?xml version="1.0" encoding="UTF-8"?>
<!-- Generated by org.testng.reporters.JUnitReportReporter -->
<testsuite hostname="DESKTOP-GOITT5R" failures="0" tests="1" name="dummyTestcases.DummyClass" time="3.051" errors="0" timestamp="2020-12-05T19:35:39 IST" skipped="0">
  <testcase classname="dummyTestcases.DummyClass" name="Test_01_Test_01_register_with_all_valid_data" time="3.051"/>
  <system-out/>
</testsuite> <!-- dummyTestcases.DummyClass -->
