<?xml version="1.0" encoding="UTF-8"?>
<!-- Generated by org.testng.reporters.JUnitReportReporter -->
<testsuite hostname="ArcGate2168" failures="0" tests="2" name="Testing.bbbb" time="0.060" errors="0" timestamp="2020-10-20T13:25:14 IST" skipped="0">
  <testcase classname="Testing.bbbb" name="testcase1" time="0.056"/>
  <system-out/>
  <testcase classname="Testing.bbbb" name="testcase2" time="0.004"/>
  <system-out/>
</testsuite> <!-- Testing.bbbb -->
