<?xml version="1.0" encoding="UTF-8"?>
<!-- Generated by org.testng.reporters.JUnitReportReporter -->
<testsuite hostname="ArcGate2168" failures="0" tests="1" name="Testing.RequestKYC" time="6.922" errors="0" timestamp="2020-11-06T18:01:46 IST" skipped="0">
  <testcase classname="Testing.RequestKYC" name="test_001_registration_add_email_with_empty_user_handle" time="6.922"/>
  <system-out/>
</testsuite> <!-- Testing.RequestKYC -->
