<?xml version="1.0" encoding="UTF-8"?>
<!-- Generated by org.testng.reporters.JUnitReportReporter -->
<testsuite hostname="DESKTOP-GOITT5R" failures="0" tests="12" name="sila_test_cases.Register_wallet" time="10.641" errors="0" timestamp="2020-12-29T19:35:20 IST" skipped="0">
  <testcase classname="sila_test_cases.Register_wallet" name="Test_01_Regiter_wallet_with_all_valid_data" time="0.955"/>
  <system-out/>
  <testcase classname="sila_test_cases.Register_wallet" name="Test_02_Regiter_wallet_with_empty_user_handle" time="0.956"/>
  <system-out/>
  <testcase classname="sila_test_cases.Register_wallet" name="Test_03_Regiter_wallet_with_unregistered_user_handle" time="0.642"/>
  <system-out/>
  <testcase classname="sila_test_cases.Register_wallet" name="Test_04_Regiter_wallet_with_empty_wallet_verification_signature" time="0.945"/>
  <system-out/>
  <testcase classname="sila_test_cases.Register_wallet" name="Test_05_Regiter_wallet_with_invalid_wallet_verification_signature" time="0.653"/>
  <system-out/>
  <testcase classname="sila_test_cases.Register_wallet" name="Test_06_Regiter_wallet_with_invalid_private_key" time="0.636"/>
  <system-out/>
  <testcase classname="sila_test_cases.Register_wallet" name="test_07_register_wallet_with_empty_block_chain_network" time="0.642"/>
  <system-out/>
  <testcase classname="sila_test_cases.Register_wallet" name="test_008_register_wallet_with_another_block_chain_network" time="1.466"/>
  <system-out/>
  <testcase classname="sila_test_cases.Register_wallet" name="test_09_register_wallet_with_empty_block_chain_address" time="0.704"/>
  <system-out/>
  <testcase classname="sila_test_cases.Register_wallet" name="test_010_register_wallet_with_empty_nick_namek" time="1.301"/>
  <system-out/>
  <testcase classname="sila_test_cases.Register_wallet" name="test_11_register_wallet_with_40_characters_nick_namek" time="1.005"/>
  <system-out/>
  <testcase classname="sila_test_cases.Register_wallet" name="test_12_register_wallet_with_41_characters_nick_namek" time="0.736"/>
  <system-out/>
</testsuite> <!-- sila_test_cases.Register_wallet -->
