<?xml version="1.0" encoding="UTF-8"?>
<!-- Generated by org.testng.reporters.JUnitReportReporter -->
<testsuite hostname="DESKTOP-GOITT5R" failures="2" tests="52" name="sila_test_cases.Registration" time="213.084" errors="0" timestamp="2020-12-29T19:35:20 IST" skipped="0">
  <testcase classname="sila_test_cases.Registration" name="Test_01_Test_01_register_with_all_valid_data" time="21.923"/>
  <system-out/>
  <testcase classname="sila_test_cases.Registration" name="Test_02_register_with_already_taken_user_handle" time="3.852"/>
  <system-out/>
  <testcase classname="sila_test_cases.Registration" name="Test_03_register_with_empty_first_name_field" time="3.420"/>
  <system-out/>
  <testcase classname="sila_test_cases.Registration" name="Test_04_register_with_empty_last_name_field" time="3.711"/>
  <system-out/>
  <testcase classname="sila_test_cases.Registration" name="Test_05_register_with_empty_street_address_1_field" time="3.744"/>
  <system-out/>
  <testcase classname="sila_test_cases.Registration" name="Test_06_register_without_street_address_1_entity" time="3.850"/>
  <system-out/>
  <testcase classname="sila_test_cases.Registration" name="Test_07_register_With_less_than_3_characters_street_address_1_field" time="4.475"/>
  <system-out/>
  <testcase classname="sila_test_cases.Registration" name="Test_08_register_With_more_than_40_characters_street_address_1_field" time="3.519"/>
  <system-out/>
  <testcase classname="sila_test_cases.Registration" name="Test_09_register_With_minumum_allowed_3_characters_street_address_1_field" time="3.677"/>
  <system-out/>
  <testcase classname="sila_test_cases.Registration" name="Test_10_register_with_maximum_allowed_40_characters_street_address_1_field" time="3.989"/>
  <system-out/>
  <testcase classname="sila_test_cases.Registration" name="Test_11_register_with_empty_street_address_2_field" time="3.852"/>
  <system-out/>
  <testcase classname="sila_test_cases.Registration" name="Test_12_register_with_less_than_3_characters_street_address_2_field" time="3.839"/>
  <system-out/>
  <testcase classname="sila_test_cases.Registration" name="Test_13_register_With_more_than_40_characters_street_address_2" time="3.504"/>
  <system-out/>
  <testcase classname="sila_test_cases.Registration" name="Test_14_register_With_Minumum_3_Chars_Street_Address_2" time="3.840"/>
  <system-out/>
  <testcase classname="sila_test_cases.Registration" name="Test_15_register_with_maximum_allowed_40_chars_street_address_2" time="4.159"/>
  <system-out/>
  <testcase classname="sila_test_cases.Registration" name="Test_16_register_with_empty_city_field" time="3.785"/>
  <system-out/>
  <testcase classname="sila_test_cases.Registration" name="Test_17_register_with_less_than_2_characters_city_name_field" time="3.584"/>
  <system-out/>
  <testcase classname="sila_test_cases.Registration" name="Test_18_register_with_more_than_40_characters_city_name_field" time="3.519"/>
  <system-out/>
  <testcase classname="sila_test_cases.Registration" name="Test_19_register_with_allowed_40_characters_city_name_field" time="3.981"/>
  <system-out/>
  <testcase classname="sila_test_cases.Registration" name="Test_20_register_with_empty_state_field" time="3.697"/>
  <system-out/>
  <testcase classname="sila_test_cases.Registration" name="Test_21_register_with_more_than_2_characters_state_name_field" time="3.778"/>
  <system-out/>
  <testcase classname="sila_test_cases.Registration" name="Test_22_register_with_less_than_2_characters_state_name_field" time="3.578"/>
  <system-out/>
  <testcase classname="sila_test_cases.Registration" name="Test_23_register_with_empty_identy_number_field" time="3.521"/>
  <system-out/>
  <testcase classname="sila_test_cases.Registration" name="Test_24_register_with_empty_phone_field" time="3.837"/>
  <system-out/>
  <testcase classname="sila_test_cases.Registration" name="Test_25_register_with_less_than_10_chars_phone_field" time="3.517"/>
  <system-out/>
  <testcase classname="sila_test_cases.Registration" name="Test_26_register_with_empty_email_field" time="3.841"/>
  <system-out/>
  <testcase classname="sila_test_cases.Registration" name="Test_27_register_with_invalid_email_field" time="3.536"/>
  <system-out/>
  <testcase classname="sila_test_cases.Registration" name="Test_28_register_with_empty_postal_code_field" time="3.621"/>
  <system-out/>
  <testcase classname="sila_test_cases.Registration" name="Test_29_register_with_minimum_1_length_postal_code_field" time="3.708">
    <failure message="expected [200] but found [400]" type="java.lang.AssertionError">
      <![CDATA[java.lang.AssertionError: expected [200] but found [400]
at org.testng.Assert.fail(Assert.java:99)
at org.testng.Assert.failNotEquals(Assert.java:1037)
at org.testng.Assert.assertEqualsImpl(Assert.java:140)
at org.testng.Assert.assertEquals(Assert.java:122)
at org.testng.Assert.assertEquals(Assert.java:907)
at org.testng.Assert.assertEquals(Assert.java:917)
at sila_test_cases.Registration.Test_29_register_with_minimum_1_length_postal_code_field(Registration.java:650)
at java.base/jdk.internal.reflect.NativeMethodAccessorImpl.invoke0(Native Method)
at java.base/jdk.internal.reflect.NativeMethodAccessorImpl.invoke(NativeMethodAccessorImpl.java:62)
at java.base/jdk.internal.reflect.DelegatingMethodAccessorImpl.invoke(DelegatingMethodAccessorImpl.java:43)
at java.base/java.lang.reflect.Method.invoke(Method.java:564)
at org.testng.internal.MethodInvocationHelper.invokeMethod(MethodInvocationHelper.java:132)
at org.testng.internal.TestInvoker.invokeMethod(TestInvoker.java:599)
at org.testng.internal.TestInvoker.invokeTestMethod(TestInvoker.java:174)
at org.testng.internal.MethodRunner.runInSequence(MethodRunner.java:46)
at org.testng.internal.TestInvoker$MethodInvocationAgent.invoke(TestInvoker.java:822)
at org.testng.internal.TestInvoker.invokeTestMethods(TestInvoker.java:147)
at org.testng.internal.TestMethodWorker.invokeTestMethods(TestMethodWorker.java:146)
at org.testng.internal.TestMethodWorker.run(TestMethodWorker.java:128)
at java.base/java.util.ArrayList.forEach(ArrayList.java:1511)
at org.testng.TestRunner.privateRun(TestRunner.java:764)
at org.testng.TestRunner.run(TestRunner.java:585)
at org.testng.SuiteRunner.runTest(SuiteRunner.java:384)
at org.testng.SuiteRunner.runSequentially(SuiteRunner.java:378)
at org.testng.SuiteRunner.privateRun(SuiteRunner.java:337)
at org.testng.SuiteRunner.run(SuiteRunner.java:286)
at org.testng.SuiteRunnerWorker.runSuite(SuiteRunnerWorker.java:53)
at org.testng.SuiteRunnerWorker.run(SuiteRunnerWorker.java:96)
at org.testng.TestNG.runSuitesSequentially(TestNG.java:1218)
at org.testng.TestNG.runSuitesLocally(TestNG.java:1140)
at org.testng.TestNG.runSuites(TestNG.java:1069)
at org.testng.TestNG.run(TestNG.java:1037)
at org.testng.remote.AbstractRemoteTestNG.run(AbstractRemoteTestNG.java:115)
at org.testng.remote.RemoteTestNG.initAndRun(RemoteTestNG.java:251)
at org.testng.remote.RemoteTestNG.main(RemoteTestNG.java:77)
]]>
    </failure>
  </testcase> <!-- Test_29_register_with_minimum_1_length_postal_code_field -->
  <system-out/>
  <testcase classname="sila_test_cases.Registration" name="Test_30_register_with_mmaximum_10_length_postal_code_field" time="4.030"/>
  <system-out/>
  <testcase classname="sila_test_cases.Registration" name="Test_31_register_with_more_than_10_length_postal_code_field" time="3.654"/>
  <system-out/>
  <testcase classname="sila_test_cases.Registration" name="Test_32_register_with_empty_crypto_address_field" time="3.601"/>
  <system-out/>
  <testcase classname="sila_test_cases.Registration" name="Test_33_register_with_43_characters_crypto_address_field" time="3.502"/>
  <system-out/>
  <testcase classname="sila_test_cases.Registration" name="Test_34_register_with_41_characters_crypto_address_field" time="3.759"/>
  <system-out/>
  <testcase classname="sila_test_cases.Registration" name="Test_35_register_with_Future_birth_date_field" time="3.450"/>
  <system-out/>
  <testcase classname="sila_test_cases.Registration" name="Test_36_register_with_less_than_18_Years_birth_date_field" time="3.622"/>
  <system-out/>
  <testcase classname="sila_test_cases.Registration" name="Test_37_register_with_after_18_Years_birth_date_field" time="3.664"/>
  <system-out/>
  <testcase classname="sila_test_cases.Registration" name="Test_38_register_with_less_than_18_Years_birth_date_field" time="3.541"/>
  <system-out/>
  <testcase classname="sila_test_cases.Registration" name="Test_39_register_With_Empty_User_Handle_Field" time="4.365"/>
  <system-out/>
  <testcase classname="sila_test_cases.Registration" name="Test_40_Check_Response_401" time="3.713"/>
  <system-out/>
  <testcase classname="sila_test_cases.Registration" name="Test_41_register_with_different_private_key" time="4.541"/>
  <system-out/>
  <testcase classname="sila_test_cases.Registration" name="Test_42_register_with_empty_country_field" time="3.822"/>
  <system-out/>
  <testcase classname="sila_test_cases.Registration" name="Test_43_register_with_lowercase_country_field" time="3.555"/>
  <system-out/>
  <testcase classname="sila_test_cases.Registration" name="Test_44_register_with_another_country_name" time="3.452"/>
  <system-out/>
  <testcase classname="sila_test_cases.Registration" name="test_045_register_with_less_than_2_characters_country_name" time="3.729"/>
  <system-out/>
  <testcase classname="sila_test_cases.Registration" name="test_046_register_with_more_than_2_characters_country_name" time="3.399"/>
  <system-out/>
  <testcase classname="sila_test_cases.Registration" name="Test_47_register_with_allowed_2characters_city_name_field" time="3.969"/>
  <system-out/>
  <testcase classname="sila_test_cases.Registration" name="Test_48_register_with_empty_entity_name" time="3.982"/>
  <system-out/>
  <testcase classname="sila_test_cases.Registration" name="Test_49_register_with_3_characters_entity_name" time="3.663"/>
  <system-out/>
  <testcase classname="sila_test_cases.Registration" name="Test_50_register_with_40_characters_entity_name" time="3.676"/>
  <system-out/>
  <testcase classname="sila_test_cases.Registration" name="Test_51_register_with_2_characters_entity_name" time="3.849">
    <failure message="expected [400] but found [200]" type="java.lang.AssertionError">
      <![CDATA[java.lang.AssertionError: expected [400] but found [200]
at org.testng.Assert.fail(Assert.java:99)
at org.testng.Assert.failNotEquals(Assert.java:1037)
at org.testng.Assert.assertEqualsImpl(Assert.java:140)
at org.testng.Assert.assertEquals(Assert.java:122)
at org.testng.Assert.assertEquals(Assert.java:907)
at org.testng.Assert.assertEquals(Assert.java:917)
at sila_test_cases.Registration.Test_51_register_with_2_characters_entity_name(Registration.java:1126)
at java.base/jdk.internal.reflect.NativeMethodAccessorImpl.invoke0(Native Method)
at java.base/jdk.internal.reflect.NativeMethodAccessorImpl.invoke(NativeMethodAccessorImpl.java:62)
at java.base/jdk.internal.reflect.DelegatingMethodAccessorImpl.invoke(DelegatingMethodAccessorImpl.java:43)
at java.base/java.lang.reflect.Method.invoke(Method.java:564)
at org.testng.internal.MethodInvocationHelper.invokeMethod(MethodInvocationHelper.java:132)
at org.testng.internal.TestInvoker.invokeMethod(TestInvoker.java:599)
at org.testng.internal.TestInvoker.invokeTestMethod(TestInvoker.java:174)
at org.testng.internal.MethodRunner.runInSequence(MethodRunner.java:46)
at org.testng.internal.TestInvoker$MethodInvocationAgent.invoke(TestInvoker.java:822)
at org.testng.internal.TestInvoker.invokeTestMethods(TestInvoker.java:147)
at org.testng.internal.TestMethodWorker.invokeTestMethods(TestMethodWorker.java:146)
at org.testng.internal.TestMethodWorker.run(TestMethodWorker.java:128)
at java.base/java.util.ArrayList.forEach(ArrayList.java:1511)
at org.testng.TestRunner.privateRun(TestRunner.java:764)
at org.testng.TestRunner.run(TestRunner.java:585)
at org.testng.SuiteRunner.runTest(SuiteRunner.java:384)
at org.testng.SuiteRunner.runSequentially(SuiteRunner.java:378)
at org.testng.SuiteRunner.privateRun(SuiteRunner.java:337)
at org.testng.SuiteRunner.run(SuiteRunner.java:286)
at org.testng.SuiteRunnerWorker.runSuite(SuiteRunnerWorker.java:53)
at org.testng.SuiteRunnerWorker.run(SuiteRunnerWorker.java:96)
at org.testng.TestNG.runSuitesSequentially(TestNG.java:1218)
at org.testng.TestNG.runSuitesLocally(TestNG.java:1140)
at org.testng.TestNG.runSuites(TestNG.java:1069)
at org.testng.TestNG.run(TestNG.java:1037)
at org.testng.remote.AbstractRemoteTestNG.run(AbstractRemoteTestNG.java:115)
at org.testng.remote.RemoteTestNG.initAndRun(RemoteTestNG.java:251)
at org.testng.remote.RemoteTestNG.main(RemoteTestNG.java:77)
]]>
    </failure>
  </testcase> <!-- Test_51_register_with_2_characters_entity_name -->
  <system-out/>
  <testcase classname="sila_test_cases.Registration" name="Test_52_register_with_41_characters_entity_name" time="3.689"/>
  <system-out/>
</testsuite> <!-- sila_test_cases.Registration -->
