<?xml version="1.0" encoding="UTF-8"?>
<!-- Generated by org.testng.reporters.JUnitReportReporter -->
<testsuite hostname="DESKTOP-GOITT5R" failures="0" tests="11" name="sila_test_cases.Get_wallets" time="6.921" errors="0" timestamp="2020-12-11T18:38:31 IST" skipped="0">
  <testcase classname="sila_test_cases.Get_wallets" name="test_01_get_wallet_details_with_valid_data" time="0.820"/>
  <system-out/>
  <testcase classname="sila_test_cases.Get_wallets" name="test_02_get_wallets_page_count_zero" time="0.372"/>
  <system-out/>
  <testcase classname="sila_test_cases.Get_wallets" name="test_03_get_wallets_empty_filter_field" time="0.749"/>
  <system-out/>
  <testcase classname="sila_test_cases.Get_wallets" name="test_04_get_wallets_with_setPerPage_value_as_0" time="0.444"/>
  <system-out/>
  <testcase classname="sila_test_cases.Get_wallets" name="test_05_get_wallets_invalid_blockchain_network" time="0.431"/>
  <system-out/>
  <testcase classname="sila_test_cases.Get_wallets" name="test_06_get_wallets_empty_blockchain_address" time="0.855"/>
  <system-out/>
  <testcase classname="sila_test_cases.Get_wallets" name="test_07_get_wallets_invalid_nickname" time="0.732"/>
  <system-out/>
  <testcase classname="sila_test_cases.Get_wallets" name="test_08_get_wallets_empty_nickname" time="0.735"/>
  <system-out/>
  <testcase classname="sila_test_cases.Get_wallets" name="test_09_get_wallets_empty_user_handle" time="0.429"/>
  <system-out/>
  <testcase classname="sila_test_cases.Get_wallets" name="test_10_get_wallets_with_another_crpto_key" time="0.640"/>
  <system-out/>
  <testcase classname="sila_test_cases.Get_wallets" name="test_11_get_walletsoop_with_invalid_BlockChainAddress" time="0.714"/>
  <system-out/>
</testsuite> <!-- sila_test_cases.Get_wallets -->
