<?xml version="1.0" encoding="UTF-8"?>
<!-- Generated by org.testng.reporters.JUnitReportReporter -->
<testsuite hostname="DESKTOP-GOITT5R" failures="0" tests="6" name="sila_test_cases.Check_kyc" time="163.626" errors="0" timestamp="2020-12-29T19:35:20 IST" skipped="0">
  <testcase classname="sila_test_cases.Check_kyc" name="Test_01_Check_kyc_with_not_requested_kyc_user_handle" time="0.669"/>
  <system-out/>
  <testcase classname="sila_test_cases.Check_kyc" name="Test_02_Check_kyc_verification_pending" time="5.332"/>
  <system-out/>
  <testcase classname="sila_test_cases.Check_kyc" name="Test_03_Check_kyc_verification_successfully_passed" time="154.751"/>
  <system-out/>
  <testcase classname="sila_test_cases.Check_kyc" name="Test_04_Check_kyc_with_unregistered_user_handle" time="0.636"/>
  <system-out/>
  <testcase classname="sila_test_cases.Check_kyc" name="Test_05_Check_kyc_with_empty_user_handle" time="0.640"/>
  <system-out/>
  <testcase classname="sila_test_cases.Check_kyc" name="Test_06_Check_kyc_with_invalid_signature" time="1.598"/>
  <system-out/>
</testsuite> <!-- sila_test_cases.Check_kyc -->
