<?xml version="1.0" encoding="UTF-8"?>
<!-- Generated by org.testng.reporters.JUnitReportReporter -->
<testsuite hostname="DESKTOP-GOITT5R" failures="0" tests="6" name="sila_test_cases.Check_kyc" time="38.594" errors="0" timestamp="2020-12-11T18:38:31 IST" skipped="0">
  <testcase classname="sila_test_cases.Check_kyc" name="Test_01_Check_kyc_with_not_requested_kyc_user_handle" time="0.659"/>
  <system-out/>
  <testcase classname="sila_test_cases.Check_kyc" name="Test_02_Check_kyc_verification_pending" time="5.084"/>
  <system-out/>
  <testcase classname="sila_test_cases.Check_kyc" name="Test_03_Check_kyc_verification_successfully_passed" time="31.338"/>
  <system-out/>
  <testcase classname="sila_test_cases.Check_kyc" name="Test_04_Check_kyc_with_unregistered_user_handle" time="0.476"/>
  <system-out/>
  <testcase classname="sila_test_cases.Check_kyc" name="Test_05_Check_kyc_with_empty_user_handle" time="0.427"/>
  <system-out/>
  <testcase classname="sila_test_cases.Check_kyc" name="Test_06_Check_kyc_with_invalid_signature" time="0.610"/>
  <system-out/>
</testsuite> <!-- sila_test_cases.Check_kyc -->
