<?xml version="1.0" encoding="UTF-8"?>
<!-- Generated by org.testng.reporters.JUnitReportReporter -->
<testsuite hostname="ArcGate2168" failures="0" tests="6" name="test_case_.CheckHandleApiTest" time="6.238" errors="0" timestamp="2020-09-29T18:07:48 IST" skipped="0">
  <testcase classname="test_case_.CheckHandleApiTest" name="Check_with_available_user_handle" time="1.862"/>
  <system-out/>
  <testcase classname="test_case_.CheckHandleApiTest" name="Check_with_already_taken_user_handle" time="0.659"/>
  <system-out/>
  <testcase classname="test_case_.CheckHandleApiTest" name="Check_with_empty_user_handle" time="0.531"/>
  <system-out/>
  <testcase classname="test_case_.CheckHandleApiTest" name="Check_with_invalid_authSignature" time="1.128"/>
  <system-out/>
  <testcase classname="test_case_.CheckHandleApiTest" name="Check_with_invalid_handle_pattern" time="0.404"/>
  <system-out/>
  <testcase classname="test_case_.CheckHandleApiTest" name="Check_with_invalid_App_handle" time="1.654"/>
  <system-out/>
</testsuite> <!-- test_case_.CheckHandleApiTest -->
