<?xml version="1.0" encoding="UTF-8"?>
<!-- Generated by org.testng.reporters.JUnitReportReporter -->
<testsuite hostname="DESKTOP-GOITT5R" failures="0" tests="10" name="sila_test_cases.Update_wallet" time="6.947" errors="0" timestamp="2020-12-11T18:38:31 IST" skipped="0">
  <testcase classname="sila_test_cases.Update_wallet" name="test_01_update_wallet" time="0.651"/>
  <system-out/>
  <testcase classname="sila_test_cases.Update_wallet" name="test_02_update_wallet_with_nickname_already_in_use" time="0.862"/>
  <system-out/>
  <testcase classname="sila_test_cases.Update_wallet" name="test_03_update_wallet_with_empty_user_handle" time="0.688"/>
  <system-out/>
  <testcase classname="sila_test_cases.Update_wallet" name="test_04_update_wallet_with_unregistered__user_handle" time="0.586"/>
  <system-out/>
  <testcase classname="sila_test_cases.Update_wallet" name="test_05_update_wallet_invalid_key" time="0.641"/>
  <system-out/>
  <testcase classname="sila_test_cases.Update_wallet" name="test_06_update_wallet_empty_nickname" time="0.654"/>
  <system-out/>
  <testcase classname="sila_test_cases.Update_wallet" name="test_07_update_wallet_with_40_characters_nickname" time="0.653"/>
  <system-out/>
  <testcase classname="sila_test_cases.Update_wallet" name="test_08_update_wallet_with_1_character_nickname" time="0.669"/>
  <system-out/>
  <testcase classname="sila_test_cases.Update_wallet" name="test_09_update_wallet_with_41_character_nickname" time="0.568"/>
  <system-out/>
  <testcase classname="sila_test_cases.Update_wallet" name="test_10_update_wallet_default_true" time="0.975"/>
  <system-out/>
</testsuite> <!-- sila_test_cases.Update_wallet -->
