<?xml version="1.0" encoding="UTF-8"?>
<!-- Generated by org.testng.reporters.JUnitReportReporter -->
<testsuite hostname="DESKTOP-GOITT5R" failures="0" tests="15" name="sila_test_cases.Register_delete_registration_data" time="9.186" errors="0" timestamp="2020-11-20T17:23:24 IST" skipped="0">
  <testcase classname="sila_test_cases.Register_delete_registration_data" name="test_001_registration_delete_email_with_empty_user_handle" time="1.227"/>
  <system-out/>
  <testcase classname="sila_test_cases.Register_delete_registration_data" name="test_002_registration_delete_email_when_UUID_is_empty" time="0.372"/>
  <system-out/>
  <testcase classname="sila_test_cases.Register_delete_registration_data" name="test_003_registration_delete_email_with_not_registered_handle" time="0.606"/>
  <system-out/>
  <testcase classname="sila_test_cases.Register_delete_registration_data" name="test_004_registration_delete_email_with_invalid_private_key" time="0.540"/>
  <system-out/>
  <testcase classname="sila_test_cases.Register_delete_registration_data" name="test_005_registration_delete_email_with_invalid_uuid" time="0.694"/>
  <system-out/>
  <testcase classname="sila_test_cases.Register_delete_registration_data" name="test_006_registration_delete_email_successfully" time="0.670"/>
  <system-out/>
  <testcase classname="sila_test_cases.Register_delete_registration_data" name="test_007_registration_delete_phone_number_when_UUID_is_empty" time="0.391"/>
  <system-out/>
  <testcase classname="sila_test_cases.Register_delete_registration_data" name="test_008_registration_delete_phone_number_with_invalid_uuid" time="0.560"/>
  <system-out/>
  <testcase classname="sila_test_cases.Register_delete_registration_data" name="test_009_registration_delete_phone_number_successfully" time="0.561"/>
  <system-out/>
  <testcase classname="sila_test_cases.Register_delete_registration_data" name="test_010_registration_delete_address_with_invalid_uuid" time="0.390"/>
  <system-out/>
  <testcase classname="sila_test_cases.Register_delete_registration_data" name="test_011_registration_delete_address_when_UUID_is_empty" time="0.633"/>
  <system-out/>
  <testcase classname="sila_test_cases.Register_delete_registration_data" name="test_012_registration_delete_address_successfully" time="0.636"/>
  <system-out/>
  <testcase classname="sila_test_cases.Register_delete_registration_data" name="test_011_registration_delete_identy_with_empty_uuid" time="0.370"/>
  <system-out/>
  <testcase classname="sila_test_cases.Register_delete_registration_data" name="test_014_registration_delete_address_when_UUID_is_invalid" time="0.611"/>
  <system-out/>
  <testcase classname="sila_test_cases.Register_delete_registration_data" name="test_015_registration_delete_identity_successfully" time="0.925"/>
  <system-out/>
</testsuite> <!-- sila_test_cases.Register_delete_registration_data -->
