<?xml version="1.0" encoding="UTF-8"?>
<!-- Generated by org.testng.reporters.JUnitReportReporter -->
<testsuite hostname="DESKTOP-GOITT5R" failures="0" tests="10" name="sila_test_cases.Unlink_business_member" time="16.451" errors="0" timestamp="2020-12-29T19:35:20 IST" skipped="0">
  <testcase classname="sila_test_cases.Unlink_business_member" name="test_01_Unlink_business_memeber_with_empty_user_handle" time="1.936"/>
  <system-out/>
  <testcase classname="sila_test_cases.Unlink_business_member" name="test_02_Unlink_business_memeber_with_empty_business_handle" time="1.278"/>
  <system-out/>
  <testcase classname="sila_test_cases.Unlink_business_member" name="test_03_Unlink_business_memeber_with_invalid_user_private_key" time="1.725"/>
  <system-out/>
  <testcase classname="sila_test_cases.Unlink_business_member" name="test_04_Unlink_business_memeber_with_invalid_business_private_key" time="1.299"/>
  <system-out/>
  <testcase classname="sila_test_cases.Unlink_business_member" name="test_05_Unlink_business_memeber_when_not_linked_as_controlOfficer" time="1.453"/>
  <system-out/>
  <testcase classname="sila_test_cases.Unlink_business_member" name="test_06_Unlink_business_memeber_when_linked_as_controlOfficer" time="2.248"/>
  <system-out/>
  <testcase classname="sila_test_cases.Unlink_business_member" name="test_07_Unlink_business_memeber_when_linked_as_administrator" time="1.415"/>
  <system-out/>
  <testcase classname="sila_test_cases.Unlink_business_member" name="test_08_Unlink_business_memeber_when_not_linked_as_administrator" time="1.455"/>
  <system-out/>
  <testcase classname="sila_test_cases.Unlink_business_member" name="test_09_Unlink_business_memeber_when_linked_as_beneficial_owner" time="2.238"/>
  <system-out/>
  <testcase classname="sila_test_cases.Unlink_business_member" name="test_10_Unlink_business_memeber_when_not_linked_as_beneficial_owner" time="1.404"/>
  <system-out/>
</testsuite> <!-- sila_test_cases.Unlink_business_member -->
