<?xml version="1.0" encoding="UTF-8"?>
<!-- Generated by org.testng.reporters.JUnitReportReporter -->
<testsuite hostname="DESKTOP-GOITT5R" failures="0" tests="2" name="dummyTestcases.Link_account" time="3.467" errors="0" timestamp="2020-11-18T19:28:40 IST" skipped="0">
  <testcase classname="dummyTestcases.Link_account" name="Test_01_Link_account_with_all_valid_data" time="2.896"/>
  <system-out/>
  <testcase classname="dummyTestcases.Link_account" name="Test_11_Link_account_with_direct_link_account_success" time="0.571"/>
  <system-out/>
</testsuite> <!-- dummyTestcases.Link_account -->
