<?xml version="1.0" encoding="UTF-8"?>
<!-- Generated by org.testng.reporters.JUnitReportReporter -->
<testsuite hostname="DESKTOP-GOITT5R" failures="0" tests="7" name="sila_test_cases.Plaid_sameday_auth" time="3.504" errors="0" timestamp="2020-12-11T18:38:31 IST" skipped="0">
  <testcase classname="sila_test_cases.Plaid_sameday_auth" name="Test_01_plaid_sameday_auth_with_unregistered_user_handle" time="0.471"/>
  <system-out/>
  <testcase classname="sila_test_cases.Plaid_sameday_auth" name="Test_02_plaid_sameday_auth_with_empty_user_handle" time="0.481"/>
  <system-out/>
  <testcase classname="sila_test_cases.Plaid_sameday_auth" name="Test_03_plaid_sameday_auth_with_empty_account_name" time="0.401"/>
  <system-out/>
  <testcase classname="sila_test_cases.Plaid_sameday_auth" name="Test_04_plaid_sameday_auth_with_default_account_name" time="0.553"/>
  <system-out/>
  <testcase classname="sila_test_cases.Plaid_sameday_auth" name="Test_05_plaid_sameday_auth_with_incorrect_account_name" time="0.637"/>
  <system-out/>
  <testcase classname="sila_test_cases.Plaid_sameday_auth" name="Test_06_plaid_sameday_auth_with_Response401" time="0.427"/>
  <system-out/>
  <testcase classname="sila_test_cases.Plaid_sameday_auth" name="test_07_plaid_same_day_with_different_private_key" time="0.534"/>
  <system-out/>
</testsuite> <!-- sila_test_cases.Plaid_sameday_auth -->
