<?xml version="1.0" encoding="UTF-8"?>
<!-- Generated by org.testng.reporters.JUnitReportReporter -->
<testsuite hostname="DESKTOP-GOITT5R" failures="0" tests="19" name="sila_test_cases.Link_business_member" time="26.438" errors="0" timestamp="2020-12-11T18:38:31 IST" skipped="0">
  <testcase classname="sila_test_cases.Link_business_member" name="test_01_Link_business_memeber_as_administrator" time="1.503"/>
  <system-out/>
  <testcase classname="sila_test_cases.Link_business_member" name="test_02_Link_business_memeber_When_alredy_linked_as_administrator" time="1.489"/>
  <system-out/>
  <testcase classname="sila_test_cases.Link_business_member" name="test_03_Link_business_memeber_as_ControlOfficer" time="1.368"/>
  <system-out/>
  <testcase classname="sila_test_cases.Link_business_member" name="test_04_Link_business_memeber_When_alredy_linked_as_ControlOfficer" time="1.287"/>
  <system-out/>
  <testcase classname="sila_test_cases.Link_business_member" name="test_05_Link_business_memeber_as_beneficial_owner" time="1.400"/>
  <system-out/>
  <testcase classname="sila_test_cases.Link_business_member" name="test_06_Link_business_memeber_if_already_linked_as_beneficial_owner" time="1.208"/>
  <system-out/>
  <testcase classname="sila_test_cases.Link_business_member" name="test_07_Link_business_memeber_witn_empty_user_handle" time="1.227"/>
  <system-out/>
  <testcase classname="sila_test_cases.Link_business_member" name="test_08_Link_business_memeber_witn_empty_business_handle" time="1.273"/>
  <system-out/>
  <testcase classname="sila_test_cases.Link_business_member" name="test_09_Link_business_memeber_witn_unregistered_user_handle" time="1.280"/>
  <system-out/>
  <testcase classname="sila_test_cases.Link_business_member" name="test_10_Link_business_memeber_with_incorrect_user_crypto_address" time="1.294"/>
  <system-out/>
  <testcase classname="sila_test_cases.Link_business_member" name="test_11_Link_business_memeber_with_unregistered_business_handle" time="1.537"/>
  <system-out/>
  <testcase classname="sila_test_cases.Link_business_member" name="test_12_Link_business_memeber_with_incorrect_business_crypto_address" time="1.767"/>
  <system-out/>
  <testcase classname="sila_test_cases.Link_business_member" name="test_13_Link_business_memeber_with_empty_ownershipStake" time="1.490"/>
  <system-out/>
  <testcase classname="sila_test_cases.Link_business_member" name="test_14_Link_business_memeber_with_ownershipStake_value_as_0" time="1.409"/>
  <system-out/>
  <testcase classname="sila_test_cases.Link_business_member" name="test_15_Link_business_memeber_with_ownershipStake_value_as_1" time="1.445"/>
  <system-out/>
  <testcase classname="sila_test_cases.Link_business_member" name="test_16_Link_business_memeber_with_ownershipStake_value_as_100" time="1.594"/>
  <system-out/>
  <testcase classname="sila_test_cases.Link_business_member" name="test_17_Link_business_memeber_with_ownershipStake_value_as_101" time="1.597"/>
  <system-out/>
  <testcase classname="sila_test_cases.Link_business_member" name="test_18_Link_business_memeber_with_ownershipStake_as_negative" time="1.041"/>
  <system-out/>
  <testcase classname="sila_test_cases.Link_business_member" name="test_19_Link_business_memeber_with_empty_details_field" time="1.229"/>
  <system-out/>
</testsuite> <!-- sila_test_cases.Link_business_member -->
