<?xml version="1.0" encoding="UTF-8"?>
<!-- Generated by org.testng.reporters.JUnitReportReporter -->
<testsuite hostname="DESKTOP-GOITT5R" failures="0" tests="7" name="sila_test_cases.Get_document" time="4.778" errors="0" timestamp="2020-12-11T18:38:31 IST" skipped="0">
  <testcase classname="sila_test_cases.Get_document" name="Test_01_get_document_with_valid_fields" time="1.988"/>
  <system-out/>
  <testcase classname="sila_test_cases.Get_document" name="Test_02_get_document_with_empty_user_handle_fields" time="0.324"/>
  <system-out/>
  <testcase classname="sila_test_cases.Get_document" name="Test_03_get_document_with_unregistereduser_handle_fields" time="0.572"/>
  <system-out/>
  <testcase classname="sila_test_cases.Get_document" name="Test_04_get_document_with_different_user_handle_field" time="0.623"/>
  <system-out/>
  <testcase classname="sila_test_cases.Get_document" name="Test_05_get_document_with_empty_document_id_field" time="0.356"/>
  <system-out/>
  <testcase classname="sila_test_cases.Get_document" name="Test_05_get_document_with_invalid_private_key" time="0.548"/>
  <system-out/>
  <testcase classname="sila_test_cases.Get_document" name="Test_06_get_document_with_invalid_document_id_field" time="0.367"/>
  <system-out/>
</testsuite> <!-- sila_test_cases.Get_document -->
