<?xml version="1.0" encoding="UTF-8"?>
<!-- Generated by org.testng.reporters.JUnitReportReporter -->
<testsuite hostname="DESKTOP-GOITT5R" failures="3" tests="61" name="sila_test_cases.Register_update_registration_data" time="79.699" errors="0" timestamp="2020-12-29T19:35:20 IST" skipped="0">
  <testcase classname="sila_test_cases.Register_update_registration_data" name="test_001_registration_update_email_with_empty_user_handle" time="2.434"/>
  <system-out/>
  <testcase classname="sila_test_cases.Register_update_registration_data" name="test_002_registration_update_empty_email_field" time="0.947"/>
  <system-out/>
  <testcase classname="sila_test_cases.Register_update_registration_data" name="test_003_registration_update_invalid_email_field" time="0.638"/>
  <system-out/>
  <testcase classname="sila_test_cases.Register_update_registration_data" name="test_004_registration_update_email_with_invalid_private_key" time="0.641"/>
  <system-out/>
  <testcase classname="sila_test_cases.Register_update_registration_data" name="test_005_registration_update_email_with_not_registered_handle" time="0.636"/>
  <system-out/>
  <testcase classname="sila_test_cases.Register_update_registration_data" name="test_006_registration_update_email_with_more_than_max_email_length" time="0.825">
    <failure message="expected [400] but found [500]" type="java.lang.AssertionError">
      <![CDATA[java.lang.AssertionError: expected [400] but found [500]
at org.testng.Assert.fail(Assert.java:99)
at org.testng.Assert.failNotEquals(Assert.java:1037)
at org.testng.Assert.assertEqualsImpl(Assert.java:140)
at org.testng.Assert.assertEquals(Assert.java:122)
at org.testng.Assert.assertEquals(Assert.java:907)
at org.testng.Assert.assertEquals(Assert.java:917)
at sila_test_cases.Register_update_registration_data.test_006_registration_update_email_with_more_than_max_email_length(Register_update_registration_data.java:140)
at java.base/jdk.internal.reflect.NativeMethodAccessorImpl.invoke0(Native Method)
at java.base/jdk.internal.reflect.NativeMethodAccessorImpl.invoke(NativeMethodAccessorImpl.java:62)
at java.base/jdk.internal.reflect.DelegatingMethodAccessorImpl.invoke(DelegatingMethodAccessorImpl.java:43)
at java.base/java.lang.reflect.Method.invoke(Method.java:564)
at org.testng.internal.MethodInvocationHelper.invokeMethod(MethodInvocationHelper.java:132)
at org.testng.internal.TestInvoker.invokeMethod(TestInvoker.java:599)
at org.testng.internal.TestInvoker.invokeTestMethod(TestInvoker.java:174)
at org.testng.internal.MethodRunner.runInSequence(MethodRunner.java:46)
at org.testng.internal.TestInvoker$MethodInvocationAgent.invoke(TestInvoker.java:822)
at org.testng.internal.TestInvoker.invokeTestMethods(TestInvoker.java:147)
at org.testng.internal.TestMethodWorker.invokeTestMethods(TestMethodWorker.java:146)
at org.testng.internal.TestMethodWorker.run(TestMethodWorker.java:128)
at java.base/java.util.ArrayList.forEach(ArrayList.java:1511)
at org.testng.TestRunner.privateRun(TestRunner.java:764)
at org.testng.TestRunner.run(TestRunner.java:585)
at org.testng.SuiteRunner.runTest(SuiteRunner.java:384)
at org.testng.SuiteRunner.runSequentially(SuiteRunner.java:378)
at org.testng.SuiteRunner.privateRun(SuiteRunner.java:337)
at org.testng.SuiteRunner.run(SuiteRunner.java:286)
at org.testng.SuiteRunnerWorker.runSuite(SuiteRunnerWorker.java:53)
at org.testng.SuiteRunnerWorker.run(SuiteRunnerWorker.java:96)
at org.testng.TestNG.runSuitesSequentially(TestNG.java:1218)
at org.testng.TestNG.runSuitesLocally(TestNG.java:1140)
at org.testng.TestNG.runSuites(TestNG.java:1069)
at org.testng.TestNG.run(TestNG.java:1037)
at org.testng.remote.AbstractRemoteTestNG.run(AbstractRemoteTestNG.java:115)
at org.testng.remote.RemoteTestNG.initAndRun(RemoteTestNG.java:251)
at org.testng.remote.RemoteTestNG.main(RemoteTestNG.java:77)
]]>
    </failure>
  </testcase> <!-- test_006_registration_update_email_with_more_than_max_email_length -->
  <system-out/>
  <testcase classname="sila_test_cases.Register_update_registration_data" name="test_007_registration_update_email_with_invalid_uuid" time="0.773"/>
  <system-out/>
  <testcase classname="sila_test_cases.Register_update_registration_data" name="test_008_registration_update_email_successfully_with_254_characters_email" time="0.639"/>
  <system-out/>
  <testcase classname="sila_test_cases.Register_update_registration_data" name="test_009_registration_update_phone_num_with_empty_phone_field" time="0.782"/>
  <system-out/>
  <testcase classname="sila_test_cases.Register_update_registration_data" name="test_010_registration_update_invalid_phone_number" time="1.080"/>
  <system-out/>
  <testcase classname="sila_test_cases.Register_update_registration_data" name="test_011_registration_update_phone_number_with_less_than_10_digits" time="0.604"/>
  <system-out/>
  <testcase classname="sila_test_cases.Register_update_registration_data" name="test_012_registration_update_phone_number_with_more_than_10_digits" time="0.727"/>
  <system-out/>
  <testcase classname="sila_test_cases.Register_update_registration_data" name="test_013_registration_update_phone_number_with_invalid_uuid" time="0.964"/>
  <system-out/>
  <testcase classname="sila_test_cases.Register_update_registration_data" name="test_014_registration_update_10_digits_phone_number_successfully" time="0.636"/>
  <system-out/>
  <testcase classname="sila_test_cases.Register_update_registration_data" name="test_015_registration_update_identity_with_empty_identity_alias" time="0.958"/>
  <system-out/>
  <testcase classname="sila_test_cases.Register_update_registration_data" name="test_016_registration_update_identity_with_empty_identity_value" time="0.960"/>
  <system-out/>
  <testcase classname="sila_test_cases.Register_update_registration_data" name="test_017_registration_update_identity_with_invalid_identity_alias" time="1.919"/>
  <system-out/>
  <testcase classname="sila_test_cases.Register_update_registration_data" name="test_018_registration_update_identity_alias_value_in_lowercase" time="1.916"/>
  <system-out/>
  <testcase classname="sila_test_cases.Register_update_registration_data" name="test_019_registration_update_identity_alias_value_as_EIN_to_individual_user" time="1.705"/>
  <system-out/>
  <testcase classname="sila_test_cases.Register_update_registration_data" name="test_020_registration_update_individual_user_identity_successfully" time="1.814"/>
  <system-out/>
  <testcase classname="sila_test_cases.Register_update_registration_data" name="test_021_registration_update_address_with_empty_address_alias" time="1.929"/>
  <system-out/>
  <testcase classname="sila_test_cases.Register_update_registration_data" name="test_022_registration_update_address_alias" time="1.589"/>
  <system-out/>
  <testcase classname="sila_test_cases.Register_update_registration_data" name="test_023_registration_update_address_with_empty_street_address_1" time="1.596"/>
  <system-out/>
  <testcase classname="sila_test_cases.Register_update_registration_data" name="test_024_registration_update_street_address_1_address_with_less_than_3_characters" time="1.599"/>
  <system-out/>
  <testcase classname="sila_test_cases.Register_update_registration_data" name="test_025_registration_update_street_address_1_address_with_more_than_max_character" time="1.544"/>
  <system-out/>
  <testcase classname="sila_test_cases.Register_update_registration_data" name="test_026_registration_update_street_address_1_address_with_40_characters" time="1.679"/>
  <system-out/>
  <testcase classname="sila_test_cases.Register_update_registration_data" name="test_027_registration_update_street_address_1_address_with_3_characters" time="1.896"/>
  <system-out/>
  <testcase classname="sila_test_cases.Register_update_registration_data" name="test_028_registration_update_address_with_empty_street_address_2" time="1.744"/>
  <system-out/>
  <testcase classname="sila_test_cases.Register_update_registration_data" name="test_029_registration_update_street_address_2_address_with_less_than_3_characters" time="1.781"/>
  <system-out/>
  <testcase classname="sila_test_cases.Register_update_registration_data" name="test_030_registration_update_street_address_2_address_with_more_than_max_character" time="1.911"/>
  <system-out/>
  <testcase classname="sila_test_cases.Register_update_registration_data" name="test_031_registration_update_street_address_2_address_with_40_characters" time="1.703"/>
  <system-out/>
  <testcase classname="sila_test_cases.Register_update_registration_data" name="test_032_registration_update_street_address_2_address_with_3_characters" time="2.719"/>
  <system-out/>
  <testcase classname="sila_test_cases.Register_update_registration_data" name="test_033_registration_update_address_with_empty_city" time="1.657"/>
  <system-out/>
  <testcase classname="sila_test_cases.Register_update_registration_data" name="test_034_registration_update_address_with_less_than_2_characters_city_name" time="1.917"/>
  <system-out/>
  <testcase classname="sila_test_cases.Register_update_registration_data" name="test_035_registration_update_address_with_more_than_40_characters_city_name" time="2.239"/>
  <system-out/>
  <testcase classname="sila_test_cases.Register_update_registration_data" name="test_36_registration_update_address_with_40_characters_city_name" time="1.600"/>
  <system-out/>
  <testcase classname="sila_test_cases.Register_update_registration_data" name="test_037_registration_update_address_with_empty_state" time="1.917"/>
  <system-out/>
  <testcase classname="sila_test_cases.Register_update_registration_data" name="test_038_registration_update_address_with_less_than_2_characters_state_name" time="1.916"/>
  <system-out/>
  <testcase classname="sila_test_cases.Register_update_registration_data" name="test_039_registration_update_address_with_more_than_2_characters_state_name" time="1.603"/>
  <system-out/>
  <testcase classname="sila_test_cases.Register_update_registration_data" name="test_040_registration_update_2_characters_state_name" time="1.920"/>
  <system-out/>
  <testcase classname="sila_test_cases.Register_update_registration_data" name="test_041_registration_update_address_successfully" time="1.633"/>
  <system-out/>
  <testcase classname="sila_test_cases.Register_update_registration_data" name="test_042_registration_update_address_with_another_uuid" time="1.589"/>
  <system-out/>
  <testcase classname="sila_test_cases.Register_update_registration_data" name="test_043_registration_update_address_with_invalid_uuid" time="1.573"/>
  <system-out/>
  <testcase classname="sila_test_cases.Register_update_registration_data" name="test_044_registration_update_with_all_valid_Entity" time="0.961"/>
  <system-out/>
  <testcase classname="sila_test_cases.Register_update_registration_data" name="test_045_registration_update_empty_first_name" time="0.642"/>
  <system-out/>
  <testcase classname="sila_test_cases.Register_update_registration_data" name="test_046_registration_update_first_name_with_min_character" time="0.960"/>
  <system-out/>
  <testcase classname="sila_test_cases.Register_update_registration_data" name="test_047_registration_update_first_name_with_max_character" time="0.950"/>
  <system-out/>
  <testcase classname="sila_test_cases.Register_update_registration_data" name="test_048_registration_update_first_name_with_more_than_40_character" time="1.146"/>
  <system-out/>
  <testcase classname="sila_test_cases.Register_update_registration_data" name="test_049_registration_update_empty_last_name" time="0.956"/>
  <system-out/>
  <testcase classname="sila_test_cases.Register_update_registration_data" name="test_050_registration_update_last_name_with_min_character" time="1.099"/>
  <system-out/>
  <testcase classname="sila_test_cases.Register_update_registration_data" name="test_051_registration_update_last_name_with_max_character" time="0.957"/>
  <system-out/>
  <testcase classname="sila_test_cases.Register_update_registration_data" name="test_052_registration_update_last_name_with_more_than_40_character" time="1.056"/>
  <system-out/>
  <testcase classname="sila_test_cases.Register_update_registration_data" name="test_053_registration_update_empty_entity_name" time="1.185"/>
  <system-out/>
  <testcase classname="sila_test_cases.Register_update_registration_data" name="test_054_registration_update_entity_name_with_min_characters" time="1.274"/>
  <system-out/>
  <testcase classname="sila_test_cases.Register_update_registration_data" name="test_055_registration_update_entity_name_with_max_characters" time="0.753"/>
  <system-out/>
  <testcase classname="sila_test_cases.Register_update_registration_data" name="test_056_registration_update_entity_name_less_than_3_characters" time="0.959">
    <failure message="expected [400] but found [200]" type="java.lang.AssertionError">
      <![CDATA[java.lang.AssertionError: expected [400] but found [200]
at org.testng.Assert.fail(Assert.java:99)
at org.testng.Assert.failNotEquals(Assert.java:1037)
at org.testng.Assert.assertEqualsImpl(Assert.java:140)
at org.testng.Assert.assertEquals(Assert.java:122)
at org.testng.Assert.assertEquals(Assert.java:907)
at org.testng.Assert.assertEquals(Assert.java:917)
at sila_test_cases.Register_update_registration_data.test_056_registration_update_entity_name_less_than_3_characters(Register_update_registration_data.java:1308)
at java.base/jdk.internal.reflect.NativeMethodAccessorImpl.invoke0(Native Method)
at java.base/jdk.internal.reflect.NativeMethodAccessorImpl.invoke(NativeMethodAccessorImpl.java:62)
at java.base/jdk.internal.reflect.DelegatingMethodAccessorImpl.invoke(DelegatingMethodAccessorImpl.java:43)
at java.base/java.lang.reflect.Method.invoke(Method.java:564)
at org.testng.internal.MethodInvocationHelper.invokeMethod(MethodInvocationHelper.java:132)
at org.testng.internal.TestInvoker.invokeMethod(TestInvoker.java:599)
at org.testng.internal.TestInvoker.invokeTestMethod(TestInvoker.java:174)
at org.testng.internal.MethodRunner.runInSequence(MethodRunner.java:46)
at org.testng.internal.TestInvoker$MethodInvocationAgent.invoke(TestInvoker.java:822)
at org.testng.internal.TestInvoker.invokeTestMethods(TestInvoker.java:147)
at org.testng.internal.TestMethodWorker.invokeTestMethods(TestMethodWorker.java:146)
at org.testng.internal.TestMethodWorker.run(TestMethodWorker.java:128)
at java.base/java.util.ArrayList.forEach(ArrayList.java:1511)
at org.testng.TestRunner.privateRun(TestRunner.java:764)
at org.testng.TestRunner.run(TestRunner.java:585)
at org.testng.SuiteRunner.runTest(SuiteRunner.java:384)
at org.testng.SuiteRunner.runSequentially(SuiteRunner.java:378)
at org.testng.SuiteRunner.privateRun(SuiteRunner.java:337)
at org.testng.SuiteRunner.run(SuiteRunner.java:286)
at org.testng.SuiteRunnerWorker.runSuite(SuiteRunnerWorker.java:53)
at org.testng.SuiteRunnerWorker.run(SuiteRunnerWorker.java:96)
at org.testng.TestNG.runSuitesSequentially(TestNG.java:1218)
at org.testng.TestNG.runSuitesLocally(TestNG.java:1140)
at org.testng.TestNG.runSuites(TestNG.java:1069)
at org.testng.TestNG.run(TestNG.java:1037)
at org.testng.remote.AbstractRemoteTestNG.run(AbstractRemoteTestNG.java:115)
at org.testng.remote.RemoteTestNG.initAndRun(RemoteTestNG.java:251)
at org.testng.remote.RemoteTestNG.main(RemoteTestNG.java:77)
]]>
    </failure>
  </testcase> <!-- test_056_registration_update_entity_name_less_than_3_characters -->
  <system-out/>
  <testcase classname="sila_test_cases.Register_update_registration_data" name="test_057_registration_update_entity_name_more_than_40_characters" time="0.697">
    <failure message="expected [400] but found [200]" type="java.lang.AssertionError">
      <![CDATA[java.lang.AssertionError: expected [400] but found [200]
at org.testng.Assert.fail(Assert.java:99)
at org.testng.Assert.failNotEquals(Assert.java:1037)
at org.testng.Assert.assertEqualsImpl(Assert.java:140)
at org.testng.Assert.assertEquals(Assert.java:122)
at org.testng.Assert.assertEquals(Assert.java:907)
at org.testng.Assert.assertEquals(Assert.java:917)
at sila_test_cases.Register_update_registration_data.test_057_registration_update_entity_name_more_than_40_characters(Register_update_registration_data.java:1323)
at java.base/jdk.internal.reflect.NativeMethodAccessorImpl.invoke0(Native Method)
at java.base/jdk.internal.reflect.NativeMethodAccessorImpl.invoke(NativeMethodAccessorImpl.java:62)
at java.base/jdk.internal.reflect.DelegatingMethodAccessorImpl.invoke(DelegatingMethodAccessorImpl.java:43)
at java.base/java.lang.reflect.Method.invoke(Method.java:564)
at org.testng.internal.MethodInvocationHelper.invokeMethod(MethodInvocationHelper.java:132)
at org.testng.internal.TestInvoker.invokeMethod(TestInvoker.java:599)
at org.testng.internal.TestInvoker.invokeTestMethod(TestInvoker.java:174)
at org.testng.internal.MethodRunner.runInSequence(MethodRunner.java:46)
at org.testng.internal.TestInvoker$MethodInvocationAgent.invoke(TestInvoker.java:822)
at org.testng.internal.TestInvoker.invokeTestMethods(TestInvoker.java:147)
at org.testng.internal.TestMethodWorker.invokeTestMethods(TestMethodWorker.java:146)
at org.testng.internal.TestMethodWorker.run(TestMethodWorker.java:128)
at java.base/java.util.ArrayList.forEach(ArrayList.java:1511)
at org.testng.TestRunner.privateRun(TestRunner.java:764)
at org.testng.TestRunner.run(TestRunner.java:585)
at org.testng.SuiteRunner.runTest(SuiteRunner.java:384)
at org.testng.SuiteRunner.runSequentially(SuiteRunner.java:378)
at org.testng.SuiteRunner.privateRun(SuiteRunner.java:337)
at org.testng.SuiteRunner.run(SuiteRunner.java:286)
at org.testng.SuiteRunnerWorker.runSuite(SuiteRunnerWorker.java:53)
at org.testng.SuiteRunnerWorker.run(SuiteRunnerWorker.java:96)
at org.testng.TestNG.runSuitesSequentially(TestNG.java:1218)
at org.testng.TestNG.runSuitesLocally(TestNG.java:1140)
at org.testng.TestNG.runSuites(TestNG.java:1069)
at org.testng.TestNG.run(TestNG.java:1037)
at org.testng.remote.AbstractRemoteTestNG.run(AbstractRemoteTestNG.java:115)
at org.testng.remote.RemoteTestNG.initAndRun(RemoteTestNG.java:251)
at org.testng.remote.RemoteTestNG.main(RemoteTestNG.java:77)
]]>
    </failure>
  </testcase> <!-- test_057_registration_update_entity_name_more_than_40_characters -->
  <system-out/>
  <testcase classname="sila_test_cases.Register_update_registration_data" name="test_058_registration_update_birth_date_below_18_years" time="0.687"/>
  <system-out/>
  <testcase classname="sila_test_cases.Register_update_registration_data" name="test_059_registration_update_birth_date_with_future_date" time="0.739"/>
  <system-out/>
  <testcase classname="sila_test_cases.Register_update_registration_data" name="test_060_registration_update_birth_date_as_18_years" time="0.657"/>
  <system-out/>
  <testcase classname="sila_test_cases.Register_update_registration_data" name="test_061_registration_update_birth_date_more_than_18_years" time="1.169"/>
  <system-out/>
</testsuite> <!-- sila_test_cases.Register_update_registration_data -->
