<?xml version="1.0" encoding="UTF-8"?>
<!-- Generated by org.testng.reporters.JUnitReportReporter -->
<testsuite hostname="DESKTOP-GOITT5R" failures="0" tests="1" name="dummyTestcases.Upload_Documents" time="10.067" errors="0" timestamp="2020-11-19T19:19:41 IST" skipped="0">
  <testcase classname="dummyTestcases.Upload_Documents" name="Test_01_Test_01_register_with_all_valid_data" time="10.067"/>
  <system-out/>
</testsuite> <!-- dummyTestcases.Upload_Documents -->
