<?xml version="1.0" encoding="UTF-8"?>
<!-- Generated by org.testng.reporters.JUnitReportReporter -->
<testsuite hostname="DESKTOP-GOITT5R" failures="0" tests="6" name="sila_test_cases.Get_account_balance" time="5.925" errors="0" timestamp="2020-12-11T18:38:31 IST" skipped="0">
  <testcase classname="sila_test_cases.Get_account_balance" name="Test_01_Get_account_with_empty_user_handle" time="0.500"/>
  <system-out/>
  <testcase classname="sila_test_cases.Get_account_balance" name="Test_02_Get_account_with_unregistered_user_handle" time="0.641"/>
  <system-out/>
  <testcase classname="sila_test_cases.Get_account_balance" name="Test_03_Get_account_with_another_crypto_key" time="0.848"/>
  <system-out/>
  <testcase classname="sila_test_cases.Get_account_balance" name="Test_04_Get_account_with_empty_account_name" time="0.386"/>
  <system-out/>
  <testcase classname="sila_test_cases.Get_account_balance" name="Test_05_Get_account_with_invalid_account_name" time="1.309"/>
  <system-out/>
  <testcase classname="sila_test_cases.Get_account_balance" name="Test_06_Get_account_with_all_valid_details" time="2.241"/>
  <system-out/>
</testsuite> <!-- sila_test_cases.Get_account_balance -->
