<?xml version="1.0" encoding="UTF-8"?>
<!-- Generated by org.testng.reporters.JUnitReportReporter -->
<testsuite hostname="DESKTOP-GOITT5R" failures="0" tests="10" name="sila_test_cases.Update_wallet" time="7.606" errors="0" timestamp="2020-12-29T19:35:20 IST" skipped="0">
  <testcase classname="sila_test_cases.Update_wallet" name="test_01_update_wallet" time="0.676"/>
  <system-out/>
  <testcase classname="sila_test_cases.Update_wallet" name="test_02_update_wallet_with_nickname_already_in_use" time="0.692"/>
  <system-out/>
  <testcase classname="sila_test_cases.Update_wallet" name="test_03_update_wallet_with_empty_user_handle" time="0.749"/>
  <system-out/>
  <testcase classname="sila_test_cases.Update_wallet" name="test_04_update_wallet_with_unregistered__user_handle" time="0.479"/>
  <system-out/>
  <testcase classname="sila_test_cases.Update_wallet" name="test_05_update_wallet_invalid_key" time="0.855"/>
  <system-out/>
  <testcase classname="sila_test_cases.Update_wallet" name="test_06_update_wallet_empty_nickname" time="0.637"/>
  <system-out/>
  <testcase classname="sila_test_cases.Update_wallet" name="test_07_update_wallet_with_40_characters_nickname" time="0.960"/>
  <system-out/>
  <testcase classname="sila_test_cases.Update_wallet" name="test_08_update_wallet_with_1_character_nickname" time="0.903"/>
  <system-out/>
  <testcase classname="sila_test_cases.Update_wallet" name="test_09_update_wallet_with_41_character_nickname" time="0.679"/>
  <system-out/>
  <testcase classname="sila_test_cases.Update_wallet" name="test_10_update_wallet_default_true" time="0.976"/>
  <system-out/>
</testsuite> <!-- sila_test_cases.Update_wallet -->
