<?xml version="1.0" encoding="UTF-8"?>
<!-- Generated by org.testng.reporters.JUnitReportReporter -->
<testsuite hostname="DESKTOP-GOITT5R" failures="1" tests="48" name="sila_test_cases.Upload_document" time="50.422" errors="0" timestamp="2020-12-11T18:38:31 IST" skipped="0">
  <testcase classname="sila_test_cases.Upload_document" name="Test_01_upload_document_with_png_extension_file" time="5.645"/>
  <system-out/>
  <testcase classname="sila_test_cases.Upload_document" name="Test_54_upload_document_with_document_type_id_passport_card" time="1.065"/>
  <system-out/>
  <testcase classname="sila_test_cases.Upload_document" name="Test_02_upload_document_with_jpg_extension_file" time="1.273"/>
  <system-out/>
  <testcase classname="sila_test_cases.Upload_document" name="Test_03_upload_document_with_pdf_extension_file" time="0.955"/>
  <system-out/>
  <testcase classname="sila_test_cases.Upload_document" name="Test_04_upload_document_without_requested_kyc" time="0.961"/>
  <system-out/>
  <testcase classname="sila_test_cases.Upload_document" name="Test_15_upload_document_with_empty_user_handle" time="0.648"/>
  <system-out/>
  <testcase classname="sila_test_cases.Upload_document" name="Test_16_upload_document_with_empty_filename_field" time="0.625"/>
  <system-out/>
  <testcase classname="sila_test_cases.Upload_document" name="Test_19_upload_document_with_empty_mime_type_field" time="0.647"/>
  <system-out/>
  <testcase classname="sila_test_cases.Upload_document" name="Test_20_upload_document_with_invalid_mime_type_field" time="0.945"/>
  <system-out/>
  <testcase classname="sila_test_cases.Upload_document" name="Test_27_upload_document_with_empty_document_type_field" time="0.634"/>
  <system-out/>
  <testcase classname="sila_test_cases.Upload_document" name="Test_28_upload_document_with_invalid_document_type_field" time="0.818"/>
  <system-out/>
  <testcase classname="sila_test_cases.Upload_document" name="Test_29_upload_document_with_document_type_tax_1040" time="0.923"/>
  <system-out/>
  <testcase classname="sila_test_cases.Upload_document" name="Test_30_upload_document_with_document_type_vtl_birth_certificate" time="0.917"/>
  <system-out/>
  <testcase classname="sila_test_cases.Upload_document" name="Test_31_upload_document_with_document_type_doc_name_change" time="0.934"/>
  <system-out/>
  <testcase classname="sila_test_cases.Upload_document" name="Test_32_upload_document_with_document_type_vtl_divorce" time="0.984"/>
  <system-out/>
  <testcase classname="sila_test_cases.Upload_document" name="Test_33_upload_document_with_document_type_id_drivers_permit" time="0.906"/>
  <system-out/>
  <testcase classname="sila_test_cases.Upload_document" name="Test_34_upload_document_with_document_type_tax_w2" time="0.961"/>
  <system-out/>
  <testcase classname="sila_test_cases.Upload_document" name="Test_35_upload_document_with_document_type_doc_lease" time="0.937"/>
  <system-out/>
  <testcase classname="sila_test_cases.Upload_document" name="Test_36_upload_document_with_document_type_vtl_marriage" time="0.949"/>
  <system-out/>
  <testcase classname="sila_test_cases.Upload_document" name="Test_37_upload_document_with_document_type_id_military_dependent" time="0.907"/>
  <system-out/>
  <testcase classname="sila_test_cases.Upload_document" name="Test_38_upload_document_with_document_type_id_military" time="0.973"/>
  <system-out/>
  <testcase classname="sila_test_cases.Upload_document" name="Test_39_upload_document_with_document_type_doc_mortgage" time="0.955"/>
  <system-out/>
  <testcase classname="sila_test_cases.Upload_document" name="Test_40_upload_document_with_document_type_id_nyc_id" time="0.959"/>
  <system-out/>
  <testcase classname="sila_test_cases.Upload_document" name="Test_41_upload_document_with_document_type_other_doc" time="0.981"/>
  <system-out/>
  <testcase classname="sila_test_cases.Upload_document" name="Test_42_upload_document_with_document_type_other_id" time="0.896"/>
  <system-out/>
  <testcase classname="sila_test_cases.Upload_document" name="Test_43_upload_document_with_document_type_id_passport" time="0.951"/>
  <system-out/>
  <testcase classname="sila_test_cases.Upload_document" name="Test_44_upload_document_with_document_type_doc_paystub" time="0.920"/>
  <system-out/>
  <testcase classname="sila_test_cases.Upload_document" name="Test_45_upload_document_with_document_type_doc_green_card" time="0.947"/>
  <system-out/>
  <testcase classname="sila_test_cases.Upload_document" name="Test_46_upload_document_with_document_type_doc_ssa" time="0.895"/>
  <system-out/>
  <testcase classname="sila_test_cases.Upload_document" name="Test_47_upload_document_with_document_type_doc_ss_card" time="1.108"/>
  <system-out/>
  <testcase classname="sila_test_cases.Upload_document" name="Test_48_upload_document_with_document_type_id_state" time="0.958"/>
  <system-out/>
  <testcase classname="sila_test_cases.Upload_document" name="Test_49_upload_document_with_document_type_id_drivers_license" time="0.960"/>
  <system-out/>
  <testcase classname="sila_test_cases.Upload_document" name="Test_50_upload_document_with_document_type_tax_1095" time="0.958"/>
  <system-out/>
  <testcase classname="sila_test_cases.Upload_document" name="Test_51_upload_document_with_document_type_tax_1099" time="0.953"/>
  <system-out/>
  <testcase classname="sila_test_cases.Upload_document" name="Test_52_upload_document_with_document_type_doc_tuition" time="0.911"/>
  <system-out/>
  <testcase classname="sila_test_cases.Upload_document" name="Test_53_upload_document_with_document_type_doc_uo_benefits" time="0.938"/>
  <system-out/>
  <testcase classname="sila_test_cases.Upload_document" name="Test_55_upload_document_with_document_type_doc_utility" time="1.027"/>
  <system-out/>
  <testcase classname="sila_test_cases.Upload_document" name="Test_56_upload_document_with_document_type_tax_W4" time="0.957"/>
  <system-out/>
  <testcase classname="sila_test_cases.Upload_document" name="Test_57_upload_document_with_mismatched_document_type_and_identity_type_fields_01" time="0.959"/>
  <system-out/>
  <testcase classname="sila_test_cases.Upload_document" name="Test_58_upload_document_with_mismatched_document_type_and_identity_type_fields_02" time="0.805"/>
  <system-out/>
  <testcase classname="sila_test_cases.Upload_document" name="Test_59_upload_document_with_mismatched_document_type_and_identity_type_fields_03" time="0.841"/>
  <system-out/>
  <testcase classname="sila_test_cases.Upload_document" name="Test_60_upload_document_with_mismatched_document_type_and_identity_type_fields_04" time="0.794"/>
  <system-out/>
  <testcase classname="sila_test_cases.Upload_document" name="Test_61_upload_document_with_empty_identity_type_fields" time="0.612"/>
  <system-out/>
  <testcase classname="sila_test_cases.Upload_document" name="Test_62_upload_document_with_empty_name_fields" time="3.611"/>
  <system-out/>
  <testcase classname="sila_test_cases.Upload_document" name="Test_63_upload_document_with_empty_description_fields" time="0.637">
    <failure message="expected [200] but found [400]" type="java.lang.AssertionError">
      <![CDATA[java.lang.AssertionError: expected [200] but found [400]
at org.testng.Assert.fail(Assert.java:99)
at org.testng.Assert.failNotEquals(Assert.java:1037)
at org.testng.Assert.assertEqualsImpl(Assert.java:140)
at org.testng.Assert.assertEquals(Assert.java:122)
at org.testng.Assert.assertEquals(Assert.java:907)
at org.testng.Assert.assertEquals(Assert.java:917)
at sila_test_cases.Upload_document.Test_63_upload_document_with_empty_description_fields(Upload_document.java:944)
at java.base/jdk.internal.reflect.NativeMethodAccessorImpl.invoke0(Native Method)
at java.base/jdk.internal.reflect.NativeMethodAccessorImpl.invoke(NativeMethodAccessorImpl.java:62)
at java.base/jdk.internal.reflect.DelegatingMethodAccessorImpl.invoke(DelegatingMethodAccessorImpl.java:43)
at java.base/java.lang.reflect.Method.invoke(Method.java:564)
at org.testng.internal.MethodInvocationHelper.invokeMethod(MethodInvocationHelper.java:132)
at org.testng.internal.TestInvoker.invokeMethod(TestInvoker.java:599)
at org.testng.internal.TestInvoker.invokeTestMethod(TestInvoker.java:174)
at org.testng.internal.MethodRunner.runInSequence(MethodRunner.java:46)
at org.testng.internal.TestInvoker$MethodInvocationAgent.invoke(TestInvoker.java:822)
at org.testng.internal.TestInvoker.invokeTestMethods(TestInvoker.java:147)
at org.testng.internal.TestMethodWorker.invokeTestMethods(TestMethodWorker.java:146)
at org.testng.internal.TestMethodWorker.run(TestMethodWorker.java:128)
at java.base/java.util.ArrayList.forEach(ArrayList.java:1511)
at org.testng.TestRunner.privateRun(TestRunner.java:764)
at org.testng.TestRunner.run(TestRunner.java:585)
at org.testng.SuiteRunner.runTest(SuiteRunner.java:384)
at org.testng.SuiteRunner.runSequentially(SuiteRunner.java:378)
at org.testng.SuiteRunner.privateRun(SuiteRunner.java:337)
at org.testng.SuiteRunner.run(SuiteRunner.java:286)
at org.testng.SuiteRunnerWorker.runSuite(SuiteRunnerWorker.java:53)
at org.testng.SuiteRunnerWorker.run(SuiteRunnerWorker.java:96)
at org.testng.TestNG.runSuitesSequentially(TestNG.java:1218)
at org.testng.TestNG.runSuitesLocally(TestNG.java:1140)
at org.testng.TestNG.runSuites(TestNG.java:1069)
at org.testng.TestNG.run(TestNG.java:1037)
at org.testng.remote.AbstractRemoteTestNG.run(AbstractRemoteTestNG.java:115)
at org.testng.remote.RemoteTestNG.initAndRun(RemoteTestNG.java:251)
at org.testng.remote.RemoteTestNG.main(RemoteTestNG.java:77)
]]>
    </failure>
  </testcase> <!-- Test_63_upload_document_with_empty_description_fields -->
  <system-out/>
  <testcase classname="sila_test_cases.Upload_document" name="Test_64_upload_document_with_invalid_identity_type_fields" time="0.813"/>
  <system-out/>
  <testcase classname="sila_test_cases.Upload_document" name="Test_65_upload_document_with_invalid_file_signature" time="0.660"/>
  <system-out/>
  <testcase classname="sila_test_cases.Upload_document" name="Test_66_upload_document_with_another_crytp_key" time="0.809"/>
  <system-out/>
</testsuite> <!-- sila_test_cases.Upload_document -->
