<?xml version="1.0" encoding="UTF-8"?>
<!-- Generated by org.testng.reporters.JUnitReportReporter -->
<testsuite hostname="DESKTOP-GOITT5R" failures="0" tests="1" name="dummyTestcases.Check_handle" time="1.549" errors="0" timestamp="2020-11-23T19:30:31 IST" skipped="0">
  <testcase classname="dummyTestcases.Check_handle" name="Test_01_check_with_available_user_handle" time="1.549"/>
  <system-out/>
</testsuite> <!-- dummyTestcases.Check_handle -->
