<?xml version="1.0" encoding="UTF-8"?>
<!-- Generated by org.testng.reporters.JUnitReportReporter -->
<testsuite hostname="DESKTOP-GOITT5R" failures="0" tests="15" name="sila_test_cases.List_document" time="19.670" errors="0" timestamp="2020-12-29T19:35:20 IST" skipped="0">
  <testcase classname="sila_test_cases.List_document" name="Test_01_get_list_document_with_fields" time="1.278"/>
  <system-out/>
  <testcase classname="sila_test_cases.List_document" name="Test_02_get_list_document_with_empty_user_handle_field" time="0.959"/>
  <system-out/>
  <testcase classname="sila_test_cases.List_document" name="Test_03_get_list_document_with_unregistered_user_handle_field" time="1.278"/>
  <system-out/>
  <testcase classname="sila_test_cases.List_document" name="Test_04_get_list_document_with_different_user_handle_field" time="1.280"/>
  <system-out/>
  <testcase classname="sila_test_cases.List_document" name="Test_05_get_list_document_without_search_field" time="1.288"/>
  <system-out/>
  <testcase classname="sila_test_cases.List_document" name="Test_06_get_list_document_with_empty_start_date" time="1.270"/>
  <system-out/>
  <testcase classname="sila_test_cases.List_document" name="Test_07_get_list_document_with_empty_end_date" time="1.281"/>
  <system-out/>
  <testcase classname="sila_test_cases.List_document" name="Test_10_get_list_document_with_same_end_date_and_start_date" time="1.277"/>
  <system-out/>
  <testcase classname="sila_test_cases.List_document" name="Test_11_get_list_document_with_empty_doc_types_field" time="2.633"/>
  <system-out/>
  <testcase classname="sila_test_cases.List_document" name="Test_12_get_list_document_with_unavailable_search_name_field" time="1.202"/>
  <system-out/>
  <testcase classname="sila_test_cases.List_document" name="Test_13_get_list_document_with_partial_search_name_field" time="1.282"/>
  <system-out/>
  <testcase classname="sila_test_cases.List_document" name="Test_14_get_list_document_with_empty_sort_by_field" time="1.278"/>
  <system-out/>
  <testcase classname="sila_test_cases.List_document" name="Test_15_get_list_document_with_invalid_sort_by_field" time="0.958"/>
  <system-out/>
  <testcase classname="sila_test_cases.List_document" name="Test_16_get_list_document_with_date_sort_by_field" time="1.185"/>
  <system-out/>
  <testcase classname="sila_test_cases.List_document" name="Test_17_get_list_document_with_invalid_private_key_field" time="1.221"/>
  <system-out/>
</testsuite> <!-- sila_test_cases.List_document -->
