<?xml version="1.0" encoding="UTF-8"?>
<!-- Generated by org.testng.reporters.JUnitReportReporter -->
<testsuite hostname="DESKTOP-GOITT5R" failures="0" tests="15" name="sila_test_cases.Test_003_delete_registration_data" time="11.346" errors="0" timestamp="2020-12-09T12:54:45 IST" skipped="0">
  <testcase classname="sila_test_cases.Test_003_delete_registration_data" name="test_001_registration_delete_email_with_empty_user_handle" time="2.794"/>
  <system-out/>
  <testcase classname="sila_test_cases.Test_003_delete_registration_data" name="test_002_registration_delete_email_when_UUID_is_empty" time="0.595"/>
  <system-out/>
  <testcase classname="sila_test_cases.Test_003_delete_registration_data" name="test_003_registration_delete_email_with_not_registered_handle" time="0.434"/>
  <system-out/>
  <testcase classname="sila_test_cases.Test_003_delete_registration_data" name="test_004_registration_delete_email_with_invalid_private_key" time="0.794"/>
  <system-out/>
  <testcase classname="sila_test_cases.Test_003_delete_registration_data" name="test_005_registration_delete_email_with_invalid_uuid" time="0.689"/>
  <system-out/>
  <testcase classname="sila_test_cases.Test_003_delete_registration_data" name="test_006_registration_delete_email_successfully" time="0.635"/>
  <system-out/>
  <testcase classname="sila_test_cases.Test_003_delete_registration_data" name="test_007_registration_delete_phone_number_when_UUID_is_empty" time="0.638"/>
  <system-out/>
  <testcase classname="sila_test_cases.Test_003_delete_registration_data" name="test_008_registration_delete_phone_number_with_invalid_uuid" time="0.634"/>
  <system-out/>
  <testcase classname="sila_test_cases.Test_003_delete_registration_data" name="test_009_registration_delete_phone_number_successfully" time="0.633"/>
  <system-out/>
  <testcase classname="sila_test_cases.Test_003_delete_registration_data" name="test_010_registration_delete_address_with_invalid_uuid" time="0.368"/>
  <system-out/>
  <testcase classname="sila_test_cases.Test_003_delete_registration_data" name="test_011_registration_delete_address_when_UUID_is_empty" time="0.604"/>
  <system-out/>
  <testcase classname="sila_test_cases.Test_003_delete_registration_data" name="test_012_registration_delete_address_successfully" time="0.622"/>
  <system-out/>
  <testcase classname="sila_test_cases.Test_003_delete_registration_data" name="test_011_registration_delete_identy_with_empty_uuid" time="0.401"/>
  <system-out/>
  <testcase classname="sila_test_cases.Test_003_delete_registration_data" name="test_014_registration_delete_address_when_UUID_is_invalid" time="0.637"/>
  <system-out/>
  <testcase classname="sila_test_cases.Test_003_delete_registration_data" name="test_015_registration_delete_identity_successfully" time="0.868"/>
  <system-out/>
</testsuite> <!-- sila_test_cases.Test_003_delete_registration_data -->
