<?xml version="1.0" encoding="UTF-8"?>
<!-- Generated by org.testng.reporters.JUnitReportReporter -->
<testsuite hostname="ArcGate2168" failures="0" tests="1" name="Testing.CheckHandleApiTest" time="1.769" errors="0" timestamp="2020-10-12T13:01:34 IST" skipped="0">
  <testcase classname="Testing.CheckHandleApiTest" name="Test_01_check_with_available_user_handle" time="1.769"/>
  <system-out/>
</testsuite> <!-- Testing.CheckHandleApiTest -->
