<?xml version="1.0" encoding="UTF-8"?>
<!-- Generated by org.testng.reporters.JUnitReportReporter -->
<testsuite hostname="DESKTOP-GOITT5R" failures="0" tests="6" name="sila_test_cases.Request_kyc" time="29.665" errors="0" timestamp="2020-12-29T19:35:20 IST" skipped="0">
  <testcase classname="sila_test_cases.Request_kyc" name="Test_01_Request_KYC_Without_kyc_level_entity" time="11.631"/>
  <system-out/>
  <testcase classname="sila_test_cases.Request_kyc" name="Test_02_Request_KYC_With_empty_kyc_level_field" time="3.873"/>
  <system-out/>
  <testcase classname="sila_test_cases.Request_kyc" name="Test_03_Request_KYC_With_empty_user_handle" time="3.491"/>
  <system-out/>
  <testcase classname="sila_test_cases.Request_kyc" name="Test_04_Request_KYC_With_401" time="3.555"/>
  <system-out/>
  <testcase classname="sila_test_cases.Request_kyc" name="Test_05_Request_KYC_With_403" time="3.626"/>
  <system-out/>
  <testcase classname="sila_test_cases.Request_kyc" name="Test_06_Request_KYC_With_unregistered_user_handle" time="3.489"/>
  <system-out/>
</testsuite> <!-- sila_test_cases.Request_kyc -->
