<?xml version="1.0" encoding="UTF-8"?>
<!-- Generated by org.testng.reporters.JUnitReportReporter -->
<testsuite hostname="ArcGate2168" failures="0" tests="6" name="sila_test_cases.Check_kyc" time="130.694" errors="0" timestamp="2020-11-13T19:35:37 IST" skipped="0">
  <testcase classname="sila_test_cases.Check_kyc" name="Test_01_Check_kyc_with_not_requested_kyc_user_handle" time="4.988"/>
  <system-out/>
  <testcase classname="sila_test_cases.Check_kyc" name="Test_02_Check_kyc_verification_pending" time="1.579"/>
  <system-out/>
  <testcase classname="sila_test_cases.Check_kyc" name="Test_03_Check_kyc_verification_successfully_passed" time="121.916"/>
  <system-out/>
  <testcase classname="sila_test_cases.Check_kyc" name="Test_04_Check_kyc_with_unregistered_user_handle" time="0.529"/>
  <system-out/>
  <testcase classname="sila_test_cases.Check_kyc" name="Test_05_Check_kyc_with_empty_user_handle" time="0.384"/>
  <system-out/>
  <testcase classname="sila_test_cases.Check_kyc" name="Test_06_Check_kyc_with_invalid_signature" time="1.298"/>
  <system-out/>
</testsuite> <!-- sila_test_cases.Check_kyc -->
