<?xml version="1.0" encoding="UTF-8"?>
<!-- Generated by org.testng.reporters.JUnitReportReporter -->
<testsuite hostname="DESKTOP-GOITT5R" failures="1" tests="53" name="sila_test_cases.Register_add_registration_data" time="184.083" errors="0" timestamp="2020-12-29T19:35:20 IST" skipped="0">
  <testcase classname="sila_test_cases.Register_add_registration_data" name="test_001_registration_add_email_with_empty_user_handle" time="4.615"/>
  <system-out/>
  <testcase classname="sila_test_cases.Register_add_registration_data" name="test_002_registration_add_empty_email_field" time="3.825"/>
  <system-out/>
  <testcase classname="sila_test_cases.Register_add_registration_data" name="test_003_registration_add_email_with_invalid_private_key" time="3.841"/>
  <system-out/>
  <testcase classname="sila_test_cases.Register_add_registration_data" name="test_004_registration_add_email_with_not_registered_handle" time="3.842"/>
  <system-out/>
  <testcase classname="sila_test_cases.Register_add_registration_data" name="test_005_registration_add_invalid_email" time="3.921"/>
  <system-out/>
  <testcase classname="sila_test_cases.Register_add_registration_data" name="test_006_registration_add_email_with_more_than_max_email_length" time="3.757">
    <failure message="expected [400] but found [500]" type="java.lang.AssertionError">
      <![CDATA[java.lang.AssertionError: expected [400] but found [500]
at org.testng.Assert.fail(Assert.java:99)
at org.testng.Assert.failNotEquals(Assert.java:1037)
at org.testng.Assert.assertEqualsImpl(Assert.java:140)
at org.testng.Assert.assertEquals(Assert.java:122)
at org.testng.Assert.assertEquals(Assert.java:907)
at org.testng.Assert.assertEquals(Assert.java:917)
at sila_test_cases.Register_add_registration_data.test_006_registration_add_email_with_more_than_max_email_length(Register_add_registration_data.java:131)
at java.base/jdk.internal.reflect.NativeMethodAccessorImpl.invoke0(Native Method)
at java.base/jdk.internal.reflect.NativeMethodAccessorImpl.invoke(NativeMethodAccessorImpl.java:62)
at java.base/jdk.internal.reflect.DelegatingMethodAccessorImpl.invoke(DelegatingMethodAccessorImpl.java:43)
at java.base/java.lang.reflect.Method.invoke(Method.java:564)
at org.testng.internal.MethodInvocationHelper.invokeMethod(MethodInvocationHelper.java:132)
at org.testng.internal.TestInvoker.invokeMethod(TestInvoker.java:599)
at org.testng.internal.TestInvoker.invokeTestMethod(TestInvoker.java:174)
at org.testng.internal.MethodRunner.runInSequence(MethodRunner.java:46)
at org.testng.internal.TestInvoker$MethodInvocationAgent.invoke(TestInvoker.java:822)
at org.testng.internal.TestInvoker.invokeTestMethods(TestInvoker.java:147)
at org.testng.internal.TestMethodWorker.invokeTestMethods(TestMethodWorker.java:146)
at org.testng.internal.TestMethodWorker.run(TestMethodWorker.java:128)
at java.base/java.util.ArrayList.forEach(ArrayList.java:1511)
at org.testng.TestRunner.privateRun(TestRunner.java:764)
at org.testng.TestRunner.run(TestRunner.java:585)
at org.testng.SuiteRunner.runTest(SuiteRunner.java:384)
at org.testng.SuiteRunner.runSequentially(SuiteRunner.java:378)
at org.testng.SuiteRunner.privateRun(SuiteRunner.java:337)
at org.testng.SuiteRunner.run(SuiteRunner.java:286)
at org.testng.SuiteRunnerWorker.runSuite(SuiteRunnerWorker.java:53)
at org.testng.SuiteRunnerWorker.run(SuiteRunnerWorker.java:96)
at org.testng.TestNG.runSuitesSequentially(TestNG.java:1218)
at org.testng.TestNG.runSuitesLocally(TestNG.java:1140)
at org.testng.TestNG.runSuites(TestNG.java:1069)
at org.testng.TestNG.run(TestNG.java:1037)
at org.testng.remote.AbstractRemoteTestNG.run(AbstractRemoteTestNG.java:115)
at org.testng.remote.RemoteTestNG.initAndRun(RemoteTestNG.java:251)
at org.testng.remote.RemoteTestNG.main(RemoteTestNG.java:77)
]]>
    </failure>
  </testcase> <!-- test_006_registration_add_email_with_more_than_max_email_length -->
  <system-out/>
  <testcase classname="sila_test_cases.Register_add_registration_data" name="test_007_registration_add_email_successfully_with_254_characters_email" time="3.630"/>
  <system-out/>
  <testcase classname="sila_test_cases.Register_add_registration_data" name="test_008_registration_add_email_with_all_valid_data" time="3.726"/>
  <system-out/>
  <testcase classname="sila_test_cases.Register_add_registration_data" name="test_009_registration_add_phone_num_with_empty_phone_field" time="3.840"/>
  <system-out/>
  <testcase classname="sila_test_cases.Register_add_registration_data" name="test_010_registration_add_invalid_phone_number" time="3.841"/>
  <system-out/>
  <testcase classname="sila_test_cases.Register_add_registration_data" name="test_010_registration_add_less_than_10_digits_phone_number" time="3.633"/>
  <system-out/>
  <testcase classname="sila_test_cases.Register_add_registration_data" name="test_012_registration_add_more_than_11_digits_phone_number" time="3.724"/>
  <system-out/>
  <testcase classname="sila_test_cases.Register_add_registration_data" name="test_013_registration_add_10_digits_phone_number_successfully" time="3.628"/>
  <system-out/>
  <testcase classname="sila_test_cases.Register_add_registration_data" name="test_014_registration_add_identity_with_empty_user_handle" time="3.728"/>
  <system-out/>
  <testcase classname="sila_test_cases.Register_add_registration_data" name="test_015_Registration_add_empty_identity_alias" time="3.840"/>
  <system-out/>
  <testcase classname="sila_test_cases.Register_add_registration_data" name="test_016_registration_add_empty_identity_value" time="8.050"/>
  <system-out/>
  <testcase classname="sila_test_cases.Register_add_registration_data" name="test_017_registration_add_invalid_identity_alias" time="3.789"/>
  <system-out/>
  <testcase classname="sila_test_cases.Register_add_registration_data" name="test_018_registration_add_lowercase_identity_alias_value" time="3.615"/>
  <system-out/>
  <testcase classname="sila_test_cases.Register_add_registration_data" name="test_019_registration_add_identity_alias_value_as_EIN_to_individual_user" time="3.762"/>
  <system-out/>
  <testcase classname="sila_test_cases.Register_add_registration_data" name="test_020_registration_add_individual_user_identity_with_empty_handle" time="3.817"/>
  <system-out/>
  <testcase classname="sila_test_cases.Register_add_registration_data" name="test_021_registration_add_individual_user_identity_with_another_user_handle" time="3.838"/>
  <system-out/>
  <testcase classname="sila_test_cases.Register_add_registration_data" name="test_022_registration_add_individual_user_identity_with_unregistered_user_handle" time="3.524"/>
  <system-out/>
  <testcase classname="sila_test_cases.Register_add_registration_data" name="test_023_registration_add_individual_user_identity_with_invalid_auth_signature" time="4.287"/>
  <system-out/>
  <testcase classname="sila_test_cases.Register_add_registration_data" name="test_024_registration_add_individual_user_identity_successfull" time="6.599"/>
  <system-out/>
  <testcase classname="sila_test_cases.Register_add_registration_data" name="test_025_registration_add_identity_alias_value_to_already_assigned_user" time="3.986"/>
  <system-out/>
  <testcase classname="sila_test_cases.Register_add_registration_data" name="test_026_registration_add_address_with_empty_address_alias" time="4.320"/>
  <system-out/>
  <testcase classname="sila_test_cases.Register_add_registration_data" name="test_27_registration_add_address_with_empty_street_address_1" time="3.794"/>
  <system-out/>
  <testcase classname="sila_test_cases.Register_add_registration_data" name="test_028_registration_add_street_address_1_address_with_less_than_3_characters" time="5.811"/>
  <system-out/>
  <testcase classname="sila_test_cases.Register_add_registration_data" name="test_029_registration_add_street_address_1_address_with_3_characters" time="4.478"/>
  <system-out/>
  <testcase classname="sila_test_cases.Register_add_registration_data" name="test_030_registration_add_street_address_1_address_with_40_character" time="4.380"/>
  <system-out/>
  <testcase classname="sila_test_cases.Register_add_registration_data" name="test_031_registration_add_street_address_1_address_with_more_than_max_character" time="4.254"/>
  <system-out/>
  <testcase classname="sila_test_cases.Register_add_registration_data" name="test_032_registration_add_empty_street_address_2_address" time="4.797"/>
  <system-out/>
  <testcase classname="sila_test_cases.Register_add_registration_data" name="test_033_registration_add_street_address_2_address_with_less_than_3_characters" time="4.489"/>
  <system-out/>
  <testcase classname="sila_test_cases.Register_add_registration_data" name="test_034_registration_add_street_address_2_address_with_more_than_max_characters" time="4.475"/>
  <system-out/>
  <testcase classname="sila_test_cases.Register_add_registration_data" name="test_035_registration_add_street_address_2_address_with_40_characters" time="4.798"/>
  <system-out/>
  <testcase classname="sila_test_cases.Register_add_registration_data" name="test_036_registration_add_street_address_2_address_with_3_characters" time="4.481"/>
  <system-out/>
  <testcase classname="sila_test_cases.Register_add_registration_data" name="test_037_registration_add_address_with_empty_city" time="3.840"/>
  <system-out/>
  <testcase classname="sila_test_cases.Register_add_registration_data" name="test_038_registration_add_address_with_less_than_2_characters_city_name" time="4.477"/>
  <system-out/>
  <testcase classname="sila_test_cases.Register_add_registration_data" name="test_039_registration_add_address_with_more_than_40_characters_city_name" time="4.410"/>
  <system-out/>
  <testcase classname="sila_test_cases.Register_add_registration_data" name="test_040_registration_add_address_with_40_characters_city_name" time="4.330"/>
  <system-out/>
  <testcase classname="sila_test_cases.Register_add_registration_data" name="test_041_registration_add_address_with_empty_state" time="0.727"/>
  <system-out/>
  <testcase classname="sila_test_cases.Register_add_registration_data" name="test_042_registration_add_adress_with_less_than_2_chars_state_field" time="1.602"/>
  <system-out/>
  <testcase classname="sila_test_cases.Register_add_registration_data" name="test_043_registration_add_adress_with_more_than_2_chars_state_field" time="1.276"/>
  <system-out/>
  <testcase classname="sila_test_cases.Register_add_registration_data" name="test_044_registration_add_address_with_invalid_abbreviations_for_US_states" time="0.594"/>
  <system-out/>
  <testcase classname="sila_test_cases.Register_add_registration_data" name="test_045_registration_add_address_with_empty_postal_code" time="0.873"/>
  <system-out/>
  <testcase classname="sila_test_cases.Register_add_registration_data" name="test_046_registration_add_address_with_more_than_max_length_postal_code" time="1.743"/>
  <system-out/>
  <testcase classname="sila_test_cases.Register_add_registration_data" name="test_047_registration_add_address_with_10_digitss_postal_code" time="0.628"/>
  <system-out/>
  <testcase classname="sila_test_cases.Register_add_registration_data" name="test_049_registration_add_address_with_empty_country" time="0.642"/>
  <system-out/>
  <testcase classname="sila_test_cases.Register_add_registration_data" name="test_050_registration_add_address_with_another_country_name" time="1.275"/>
  <system-out/>
  <testcase classname="sila_test_cases.Register_add_registration_data" name="test_051_registration_add_address_with_less_than_2_characters_country_name" time="1.203"/>
  <system-out/>
  <testcase classname="sila_test_cases.Register_add_registration_data" name="test_052_registration_add_address_with_more_than_2_characters_country_name" time="1.352"/>
  <system-out/>
  <testcase classname="sila_test_cases.Register_add_registration_data" name="test_053_registration_add_address_with_lower_case_country_name" time="1.192"/>
  <system-out/>
  <testcase classname="sila_test_cases.Register_add_registration_data" name="test_054_registration_add_address_successfully" time="1.184"/>
  <system-out/>
</testsuite> <!-- sila_test_cases.Register_add_registration_data -->
