<?xml version="1.0" encoding="UTF-8"?>
<!-- Generated by org.testng.reporters.JUnitReportReporter -->
<testsuite hostname="DESKTOP-GOITT5R" failures="0" tests="11" name="sila_test_cases.Get_wallets" time="8.056" errors="0" timestamp="2020-12-29T19:35:20 IST" skipped="0">
  <testcase classname="sila_test_cases.Get_wallets" name="test_01_get_wallet_details_with_valid_data" time="0.962"/>
  <system-out/>
  <testcase classname="sila_test_cases.Get_wallets" name="test_02_get_wallets_page_count_zero" time="0.422"/>
  <system-out/>
  <testcase classname="sila_test_cases.Get_wallets" name="test_03_get_wallets_empty_filter_field" time="0.857"/>
  <system-out/>
  <testcase classname="sila_test_cases.Get_wallets" name="test_04_get_wallets_with_setPerPage_value_as_0" time="0.636"/>
  <system-out/>
  <testcase classname="sila_test_cases.Get_wallets" name="test_05_get_wallets_invalid_blockchain_network" time="0.639"/>
  <system-out/>
  <testcase classname="sila_test_cases.Get_wallets" name="test_06_get_wallets_empty_blockchain_address" time="0.964"/>
  <system-out/>
  <testcase classname="sila_test_cases.Get_wallets" name="test_07_get_wallets_invalid_nickname" time="0.780"/>
  <system-out/>
  <testcase classname="sila_test_cases.Get_wallets" name="test_08_get_wallets_empty_nickname" time="0.814"/>
  <system-out/>
  <testcase classname="sila_test_cases.Get_wallets" name="test_09_get_wallets_empty_user_handle" time="0.620"/>
  <system-out/>
  <testcase classname="sila_test_cases.Get_wallets" name="test_10_get_wallets_with_another_crpto_key" time="0.658"/>
  <system-out/>
  <testcase classname="sila_test_cases.Get_wallets" name="test_11_get_walletsoop_with_invalid_BlockChainAddress" time="0.704"/>
  <system-out/>
</testsuite> <!-- sila_test_cases.Get_wallets -->
