<?xml version="1.0" encoding="UTF-8"?>
<!-- Generated by org.testng.reporters.JUnitReportReporter -->
<testsuite hostname="DESKTOP-GOITT5R" failures="0" tests="4" name="sila_test_cases.Get_wallet" time="3.099" errors="0" timestamp="2020-12-29T19:35:20 IST" skipped="0">
  <testcase classname="sila_test_cases.Get_wallet" name="test_001_get_wallet_details_with_valid_data" time="0.863"/>
  <system-out/>
  <testcase classname="sila_test_cases.Get_wallet" name="test_002_get_wallet_for_empty_user_handle" time="0.654"/>
  <system-out/>
  <testcase classname="sila_test_cases.Get_wallet" name="test_003_get_wallet_with_invalid_crypto" time="0.943"/>
  <system-out/>
  <testcase classname="sila_test_cases.Get_wallet" name="test_004_get_wallet_with_unregistered_user_handle" time="0.639"/>
  <system-out/>
</testsuite> <!-- sila_test_cases.Get_wallet -->
