<?xml version="1.0" encoding="UTF-8"?>
<!-- Generated by org.testng.reporters.JUnitReportReporter -->
<testsuite hostname="DESKTOP-GOITT5R" failures="0" tests="6" name="sila_test_cases.Check_handle" time="8.735" errors="0" timestamp="2020-12-29T19:35:20 IST" skipped="0">
  <testcase classname="sila_test_cases.Check_handle" name="Test_01_check_with_available_user_handle" time="1.596"/>
  <system-out/>
  <testcase classname="sila_test_cases.Check_handle" name="Test_02_check_with_already_taken_user_handle" time="0.481"/>
  <system-out/>
  <testcase classname="sila_test_cases.Check_handle" name="Test_03_check_with_empty_user_handle" time="0.864"/>
  <system-out/>
  <testcase classname="sila_test_cases.Check_handle" name="Test_04_check_with_invalid_authSignature" time="1.118"/>
  <system-out/>
  <testcase classname="sila_test_cases.Check_handle" name="Test_05_check_with_invalid_handle_pattern" time="2.031"/>
  <system-out/>
  <testcase classname="sila_test_cases.Check_handle" name="Test_06_check_with_invalid_App_handle" time="2.645"/>
  <system-out/>
</testsuite> <!-- sila_test_cases.Check_handle -->
