<?xml version="1.0" encoding="UTF-8"?>
<!-- Generated by org.testng.reporters.JUnitReportReporter -->
<testsuite hostname="DESKTOP-GOITT5R" failures="0" tests="12" name="sila_test_cases.Register_wallet" time="8.688" errors="0" timestamp="2020-12-11T18:38:31 IST" skipped="0">
  <testcase classname="sila_test_cases.Register_wallet" name="Test_01_Regiter_wallet_with_all_valid_data" time="0.950"/>
  <system-out/>
  <testcase classname="sila_test_cases.Register_wallet" name="Test_02_Regiter_wallet_with_empty_user_handle" time="0.646"/>
  <system-out/>
  <testcase classname="sila_test_cases.Register_wallet" name="Test_03_Regiter_wallet_with_unregistered_user_handle" time="0.638"/>
  <system-out/>
  <testcase classname="sila_test_cases.Register_wallet" name="Test_04_Regiter_wallet_with_empty_wallet_verification_signature" time="0.633"/>
  <system-out/>
  <testcase classname="sila_test_cases.Register_wallet" name="Test_05_Regiter_wallet_with_invalid_wallet_verification_signature" time="0.636"/>
  <system-out/>
  <testcase classname="sila_test_cases.Register_wallet" name="Test_06_Regiter_wallet_with_invalid_private_key" time="0.778"/>
  <system-out/>
  <testcase classname="sila_test_cases.Register_wallet" name="test_07_register_wallet_with_empty_block_chain_network" time="0.431"/>
  <system-out/>
  <testcase classname="sila_test_cases.Register_wallet" name="test_008_register_wallet_with_another_block_chain_network" time="0.472"/>
  <system-out/>
  <testcase classname="sila_test_cases.Register_wallet" name="test_09_register_wallet_with_empty_block_chain_address" time="0.391"/>
  <system-out/>
  <testcase classname="sila_test_cases.Register_wallet" name="test_010_register_wallet_with_empty_nick_namek" time="1.018"/>
  <system-out/>
  <testcase classname="sila_test_cases.Register_wallet" name="test_11_register_wallet_with_40_characters_nick_namek" time="0.894"/>
  <system-out/>
  <testcase classname="sila_test_cases.Register_wallet" name="test_12_register_wallet_with_41_characters_nick_namek" time="1.201"/>
  <system-out/>
</testsuite> <!-- sila_test_cases.Register_wallet -->
