<?xml version="1.0" encoding="UTF-8"?>
<!-- Generated by org.testng.reporters.JUnitReportReporter -->
<testsuite hostname="DESKTOP-GOITT5R" failures="0" tests="6" name="sila_test_cases.Request_kyc" time="29.715" errors="0" timestamp="2020-12-11T18:38:31 IST" skipped="0">
  <testcase classname="sila_test_cases.Request_kyc" name="Test_01_Request_KYC_Without_kyc_level_entity" time="11.777"/>
  <system-out/>
  <testcase classname="sila_test_cases.Request_kyc" name="Test_02_Request_KYC_With_empty_kyc_level_field" time="3.904"/>
  <system-out/>
  <testcase classname="sila_test_cases.Request_kyc" name="Test_03_Request_KYC_With_empty_user_handle" time="3.420"/>
  <system-out/>
  <testcase classname="sila_test_cases.Request_kyc" name="Test_04_Request_KYC_With_401" time="3.438"/>
  <system-out/>
  <testcase classname="sila_test_cases.Request_kyc" name="Test_05_Request_KYC_With_403" time="3.669"/>
  <system-out/>
  <testcase classname="sila_test_cases.Request_kyc" name="Test_06_Request_KYC_With_unregistered_user_handle" time="3.507"/>
  <system-out/>
</testsuite> <!-- sila_test_cases.Request_kyc -->
