<?xml version="1.0" encoding="UTF-8"?>
<!-- Generated by org.testng.reporters.JUnitReportReporter -->
<testsuite hostname="DESKTOP-GOITT5R" failures="0" tests="4" name="sila_test_cases.Get_wallet" time="2.307" errors="0" timestamp="2020-12-11T18:38:31 IST" skipped="0">
  <testcase classname="sila_test_cases.Get_wallet" name="test_001_get_wallet_details_with_valid_data" time="0.802"/>
  <system-out/>
  <testcase classname="sila_test_cases.Get_wallet" name="test_002_get_wallet_for_empty_user_handle" time="0.385"/>
  <system-out/>
  <testcase classname="sila_test_cases.Get_wallet" name="test_003_get_wallet_with_invalid_crypto" time="0.642"/>
  <system-out/>
  <testcase classname="sila_test_cases.Get_wallet" name="test_004_get_wallet_with_unregistered_user_handle" time="0.478"/>
  <system-out/>
</testsuite> <!-- sila_test_cases.Get_wallet -->
