<?xml version="1.0" encoding="UTF-8"?>
<!-- Generated by org.testng.reporters.JUnitReportReporter -->
<testsuite hostname="DESKTOP-GOITT5R" failures="0" tests="3" name="sila_test_cases.Get_sila_balance" time="1.575" errors="0" timestamp="2020-12-29T19:35:20 IST" skipped="0">
  <testcase classname="sila_test_cases.Get_sila_balance" name="test_01_get_Sila_balance" time="0.616"/>
  <system-out/>
  <testcase classname="sila_test_cases.Get_sila_balance" name="test_01_get_Sila_balance_with_invalid_blockChainAddress" time="0.636"/>
  <system-out/>
  <testcase classname="sila_test_cases.Get_sila_balance" name="test_01_get_Sila_balance_with_empty_blockChainAddress" time="0.323"/>
  <system-out/>
</testsuite> <!-- sila_test_cases.Get_sila_balance -->
