<?xml version="1.0" encoding="UTF-8"?>
<!-- Generated by org.testng.reporters.JUnitReportReporter -->
<testsuite hostname="DESKTOP-GOITT5R" failures="0" tests="15" name="sila_test_cases.List_document" time="18.181" errors="0" timestamp="2020-12-11T18:38:31 IST" skipped="0">
  <testcase classname="sila_test_cases.List_document" name="Test_01_get_list_document_with_fields" time="1.266"/>
  <system-out/>
  <testcase classname="sila_test_cases.List_document" name="Test_02_get_list_document_with_empty_user_handle_field" time="0.668"/>
  <system-out/>
  <testcase classname="sila_test_cases.List_document" name="Test_03_get_list_document_with_unregistered_user_handle_field" time="1.223"/>
  <system-out/>
  <testcase classname="sila_test_cases.List_document" name="Test_04_get_list_document_with_different_user_handle_field" time="1.067"/>
  <system-out/>
  <testcase classname="sila_test_cases.List_document" name="Test_05_get_list_document_without_search_field" time="1.205"/>
  <system-out/>
  <testcase classname="sila_test_cases.List_document" name="Test_06_get_list_document_with_empty_start_date" time="1.261"/>
  <system-out/>
  <testcase classname="sila_test_cases.List_document" name="Test_07_get_list_document_with_empty_end_date" time="1.043"/>
  <system-out/>
  <testcase classname="sila_test_cases.List_document" name="Test_10_get_list_document_with_same_end_date_and_start_date" time="1.380"/>
  <system-out/>
  <testcase classname="sila_test_cases.List_document" name="Test_11_get_list_document_with_empty_doc_types_field" time="1.235"/>
  <system-out/>
  <testcase classname="sila_test_cases.List_document" name="Test_12_get_list_document_with_unavailable_search_name_field" time="1.038"/>
  <system-out/>
  <testcase classname="sila_test_cases.List_document" name="Test_13_get_list_document_with_partial_search_name_field" time="1.367"/>
  <system-out/>
  <testcase classname="sila_test_cases.List_document" name="Test_14_get_list_document_with_empty_sort_by_field" time="1.277"/>
  <system-out/>
  <testcase classname="sila_test_cases.List_document" name="Test_15_get_list_document_with_invalid_sort_by_field" time="1.307"/>
  <system-out/>
  <testcase classname="sila_test_cases.List_document" name="Test_16_get_list_document_with_date_sort_by_field" time="1.428"/>
  <system-out/>
  <testcase classname="sila_test_cases.List_document" name="Test_17_get_list_document_with_invalid_private_key_field" time="1.416"/>
  <system-out/>
</testsuite> <!-- sila_test_cases.List_document -->
