<?xml version="1.0" encoding="UTF-8"?>
<!-- Generated by org.testng.reporters.JUnitReportReporter -->
<testsuite hostname="ArcGate2168" failures="0" tests="1" name="sila_test_cases.Demo_Register" time="16.975" errors="0" timestamp="2020-11-02T16:48:01 IST" skipped="0">
  <testcase classname="sila_test_cases.Demo_Register" name="Test_01_Test_01_register_with_all_valid_data" time="16.975"/>
  <system-out/>
</testsuite> <!-- sila_test_cases.Demo_Register -->
