<?xml version="1.0" encoding="UTF-8"?>
<!-- Generated by org.testng.reporters.JUnitReportReporter -->
<testsuite hostname="DESKTOP-GOITT5R" failures="0" tests="1" name="dummyTestcases.Request_kyc" time="11.498" errors="0" timestamp="2020-11-18T19:28:40 IST" skipped="0">
  <testcase classname="dummyTestcases.Request_kyc" name="Test_01_Request_KYC_Without_kyc_level_entity" time="11.498"/>
  <system-out/>
</testsuite> <!-- dummyTestcases.Request_kyc -->
