<?xml version="1.0" encoding="UTF-8"?>
<!-- Generated by org.testng.reporters.JUnitReportReporter -->
<testsuite hostname="DESKTOP-GOITT5R" failures="0" tests="1" name="dummyTestcases.Get_business_roles" time="2.237" errors="0" timestamp="2020-12-05T16:46:00 IST" skipped="0">
  <testcase classname="dummyTestcases.Get_business_roles" name="Test_01_Test_01_register_with_all_valid_data" time="2.237"/>
  <system-out/>
</testsuite> <!-- dummyTestcases.Get_business_roles -->
